INFO:root:2023-11-24 17:03:36 - Logs, logs, logs!
INFO:root:2023-11-24 17:03:37 - Server is listening on
INFO:root:2023-11-24 17:03:37 - ('localhost', 8080)
INFO:root:2023-11-24 17:03:50 - Accepted connection from
INFO:root:2023-11-24 17:03:50 - ('127.0.0.1', 54967)
INFO:root:2023-11-24 17:03:50 - Thread 17228: Handling client connection.
INFO:root:2023-11-24 17:03:50 - Performing cluster with directory:
INFO:root:2023-11-24 17:03:50 - C:/Users/Jake/Documents/SCHOOL PC/GroceryStoreSimulator/Assets
INFO:root:2023-11-24 17:03:50 - Compiling CSV
INFO:root:2023-11-24 17:03:50 - Accessing files in folder: C:/Users/Jake/Documents/SCHOOL PC/GroceryStoreSimulator/Assets\CSVRecordings
INFO:root:2023-11-24 17:03:50 - Done compiling CSV
INFO:root:2023-11-24 17:03:50 - --- 0.0049588680267333984 seconds ---    || AFTER CSV READ
INFO:root:2023-11-24 17:03:50 - --- 0.005956172943115234 seconds ---    || AFTER SORTING
INFO:root:2023-11-24 17:03:50 - --- 0.005956172943115234 seconds ---    || AFTER INIT TIMEGAP
INFO:root:2023-11-24 17:03:50 - --- 0.01692652702331543 seconds ---    || AFTER ADD TIMEGAP
INFO:root:2023-11-24 17:03:50 - --- 0.017923831939697266 seconds ---    || AFTER TIMEGAP DICT
INFO:root:2023-11-24 17:03:50 - Accessing file in folder: C:/Users/Jake/Documents/SCHOOL PC/GroceryStoreSimulator/Assets\clusteredCSV
INFO:root:2023-11-24 17:03:50 - --- 0.019918441772460938 seconds ---    || DONE...
INFO:root:2023-11-24 17:03:50 - {0: ['air purifier', 'baby wipes', 'hair styling wax', 'mosquito net', 'pet shampoo'], 1: ['crab sticks', 'dumpling fries', 'frozen squid', 'grind meat'], 2: ['choco pie', 'whiskey'], 3: ['apple cider', 'hot chili sauce', 'noodles'], 4: ['carbonated drinks', 'hotcake mix', 'ketchup'], 5: ['sword pepper'], 6: ['italian roast coffee', 'yogurt drink with strawberry']}
INFO:root:2023-11-24 17:03:50 - fffffffffffffff
INFO:root:2023-11-24 17:03:50 - Total Items: 20
INFO:root:2023-11-24 17:03:50 - Total Pairs: 190
INFO:root:2023-11-24 17:03:50 - Total Shoppers: 10
INFO:root:2023-11-24 17:03:50 - Total Clusters: 7
INFO:root:2023-11-24 17:03:50 - Clustering Done..
INFO:root:2023-11-24 17:03:50 - *****************************************
INFO:root:2023-11-24 17:03:50 - *****************************************
INFO:root:2023-11-24 17:03:50 - Costumer Count Reset to 0...
INFO:root:2023-11-24 17:06:18 - Accepted connection from
INFO:root:2023-11-24 17:06:18 - ('127.0.0.1', 55066)
INFO:root:2023-11-24 17:06:18 - Thread 17228: Handling client connection.
INFO:root:2023-11-24 17:06:18 - Performing cluster with directory:
INFO:root:2023-11-24 17:06:18 - C:/Users/Jake/Documents/SCHOOL PC/GroceryStoreSimulator/Assets
INFO:root:2023-11-24 17:06:18 - Compiling CSV
INFO:root:2023-11-24 17:06:18 - Accessing files in folder: C:/Users/Jake/Documents/SCHOOL PC/GroceryStoreSimulator/Assets\CSVRecordings
INFO:root:2023-11-24 17:06:18 - Done compiling CSV
INFO:root:2023-11-24 17:06:18 - --- 0.003989458084106445 seconds ---    || AFTER CSV READ
INFO:root:2023-11-24 17:06:18 - --- 0.004986763000488281 seconds ---    || AFTER SORTING
INFO:root:2023-11-24 17:06:18 - --- 0.005984306335449219 seconds ---    || AFTER INIT TIMEGAP
INFO:root:2023-11-24 17:06:18 - --- 0.024964094161987305 seconds ---    || AFTER ADD TIMEGAP
INFO:root:2023-11-24 17:06:18 - --- 0.025931835174560547 seconds ---    || AFTER TIMEGAP DICT
INFO:root:2023-11-24 17:06:18 - Accessing file in folder: C:/Users/Jake/Documents/SCHOOL PC/GroceryStoreSimulator/Assets\clusteredCSV
INFO:root:2023-11-24 17:06:18 - --- 0.02792644500732422 seconds ---    || DONE...
INFO:root:2023-11-24 17:06:18 - {0: ['air purifier', 'baby wipes', 'hair styling wax', 'mosquito net', 'pet shampoo'], 1: ['crab sticks', 'dumpling fries', 'frozen squid', 'grind meat'], 2: ['choco pie', 'whiskey'], 3: ['apple cider', 'hot chili sauce', 'noodles'], 4: ['carbonated drinks', 'hotcake mix', 'ketchup'], 5: ['sword pepper'], 6: ['italian roast coffee', 'yogurt drink with strawberry']}
INFO:root:2023-11-24 17:06:18 - fffffffffffffff
INFO:root:2023-11-24 17:06:18 - Total Items: 20
INFO:root:2023-11-24 17:06:18 - Total Pairs: 190
INFO:root:2023-11-24 17:06:18 - Total Shoppers: 10
INFO:root:2023-11-24 17:06:18 - Total Clusters: 7
INFO:root:2023-11-24 17:06:18 - Clustering Done..
INFO:root:2023-11-24 17:06:18 - *****************************************
INFO:root:2023-11-24 17:06:18 - *****************************************
INFO:root:2023-11-24 17:06:18 - Costumer Count Reset to 0...
INFO:root:2023-11-24 17:06:21 - Accepted connection from
INFO:root:2023-11-24 17:06:21 - ('127.0.0.1', 55068)
INFO:root:2023-11-24 17:06:21 - Thread 17228: Handling client connection.
INFO:root:2023-11-24 17:06:21 - Performing sorting with list:
INFO:root:2023-11-24 17:06:21 - start^apple cider,frozen squid,ketchup,hot chili sauce,crab sticks,hotcake mix,whiskey,noodles,italian roast coffee,yogurt drink with strawberry,air purifier,hair styling wax,carbonated drinks,grind meat,pet shampoo,sword pepper,mosquito net,dumpling fries,choco pie
INFO:root:2023-11-24 17:06:21 - Costumer Count: 1
INFO:root:2023-11-24 17:06:21 - ['apple cider', 'hot chili sauce', 'noodles', 'air purifier', 'hair styling wax', 'pet shampoo', 'mosquito net', 'frozen squid', 'crab sticks', 'grind meat', 'dumpling fries', 'whiskey', 'choco pie', 'ketchup', 'hotcake mix', 'carbonated drinks', 'sword pepper', 'italian roast coffee', 'yogurt drink with strawberry']
INFO:root:2023-11-24 17:06:21 - apple cider, hot chili sauce, noodles, air purifier, hair styling wax, pet shampoo, mosquito net, frozen squid, crab sticks, grind meat, dumpling fries, whiskey, choco pie, ketchup, hotcake mix, carbonated drinks, sword pepper, italian roast coffee, yogurt drink with strawberry
INFO:root:2023-11-24 17:06:21 - *****************************************
INFO:root:2023-11-24 17:06:21 - *****************************************
INFO:root:2023-11-24 17:06:21 - isSorting: True
INFO:root:2023-11-24 17:06:21 - SORTING PERFORMED....
INFO:root:2023-11-24 17:06:21 - *****************************************
INFO:root:2023-11-24 17:06:45 - Accepted connection from
INFO:root:2023-11-24 17:06:45 - ('127.0.0.1', 55084)
INFO:root:2023-11-24 17:06:45 - Thread 17228: Handling client connection.
INFO:root:2023-11-24 17:06:45 - Performing cluster with directory:
INFO:root:2023-11-24 17:06:45 - C:/Users/Jake/Documents/SCHOOL PC/GroceryStoreSimulator/Assets
INFO:root:2023-11-24 17:06:45 - Compiling CSV
INFO:root:2023-11-24 17:06:45 - Accessing files in folder: C:/Users/Jake/Documents/SCHOOL PC/GroceryStoreSimulator/Assets\CSVRecordings
INFO:root:2023-11-24 17:06:45 - Done compiling CSV
INFO:root:2023-11-24 17:06:45 - --- 0.003989458084106445 seconds ---    || AFTER CSV READ
INFO:root:2023-11-24 17:06:45 - --- 0.003989458084106445 seconds ---    || AFTER SORTING
INFO:root:2023-11-24 17:06:45 - --- 0.004986763000488281 seconds ---    || AFTER INIT TIMEGAP
INFO:root:2023-11-24 17:06:45 - --- 0.015956401824951172 seconds ---    || AFTER ADD TIMEGAP
INFO:root:2023-11-24 17:06:45 - --- 0.015956401824951172 seconds ---    || AFTER TIMEGAP DICT
INFO:root:2023-11-24 17:06:45 - Accessing file in folder: C:/Users/Jake/Documents/SCHOOL PC/GroceryStoreSimulator/Assets\clusteredCSV
INFO:root:2023-11-24 17:06:45 - --- 0.01795196533203125 seconds ---    || DONE...
INFO:root:2023-11-24 17:06:45 - {0: ['air purifier', 'baby wipes', 'hair styling wax', 'mosquito net', 'pet shampoo'], 1: ['crab sticks', 'dumpling fries', 'frozen squid', 'grind meat'], 2: ['choco pie', 'whiskey'], 3: ['apple cider', 'hot chili sauce', 'noodles'], 4: ['carbonated drinks', 'hotcake mix', 'ketchup'], 5: ['sword pepper'], 6: ['italian roast coffee', 'yogurt drink with strawberry']}
INFO:root:2023-11-24 17:06:45 - fffffffffffffff
INFO:root:2023-11-24 17:06:45 - Total Items: 20
INFO:root:2023-11-24 17:06:45 - Total Pairs: 190
INFO:root:2023-11-24 17:06:45 - Total Shoppers: 10
INFO:root:2023-11-24 17:06:45 - Total Clusters: 7
INFO:root:2023-11-24 17:06:45 - Clustering Done..
INFO:root:2023-11-24 17:06:45 - *****************************************
INFO:root:2023-11-24 17:06:45 - *****************************************
INFO:root:2023-11-24 17:06:45 - Costumer Count Reset to 0...
