INFO:root:2023-11-23 16:53:11 - Logs, logs, logs!
INFO:root:2023-11-23 16:53:11 - Server is listening on
INFO:root:2023-11-23 16:53:11 - ('localhost', 8080)
INFO:root:2023-11-23 16:53:29 - Accepted connection from
INFO:root:2023-11-23 16:53:29 - ('127.0.0.1', 50410)
INFO:root:2023-11-23 16:53:29 - Thread 5152: Handling client connection.
INFO:root:2023-11-23 16:53:29 - Performing cluster with directory:
INFO:root:2023-11-23 16:53:29 - C:/Users/Jake/Documents/SIMULATION_BUILD/GroceryStoreSimulator_Data
INFO:root:2023-11-23 16:53:29 - Compiling CSV
INFO:root:2023-11-23 16:53:29 - Accessing files in folder: C:/Users/Jake/Documents/SIMULATION_BUILD/GroceryStoreSimulator_Data\CSVRecordings
INFO:root:2023-11-23 16:53:29 - Done compiling CSV
INFO:root:2023-11-23 16:53:29 - --- 0.2344036102294922 seconds ---    || AFTER CSV READ
INFO:root:2023-11-23 16:53:29 - --- 0.2802755832672119 seconds ---    || AFTER SORTING
INFO:root:2023-11-23 16:53:29 - --- 0.7190759181976318 seconds ---    || AFTER INIT TIMEGAP
INFO:root:2023-11-23 16:53:37 - --- 8.668402910232544 seconds ---    || AFTER ADD TIMEGAP
INFO:root:2023-11-23 16:53:38 - --- 8.907793045043945 seconds ---    || AFTER TIMEGAP DICT
INFO:root:2023-11-23 16:53:38 - Accessing file in folder: C:/Users/Jake/Documents/SIMULATION_BUILD/GroceryStoreSimulator_Data\clusteredCSV
INFO:root:2023-11-23 16:53:38 - --- 9.458319187164307 seconds ---    || DONE...
INFO:root:2023-11-23 16:53:38 - Total Items: 554
INFO:root:2023-11-23 16:53:38 - Total Pairs: 153181
INFO:root:2023-11-23 16:53:38 - Total Shoppers: 8996
INFO:root:2023-11-23 16:53:38 - Total Clusters: 206
INFO:root:2023-11-23 16:53:38 - Clustering Done..
INFO:root:2023-11-23 16:53:38 - *****************************************
INFO:root:2023-11-23 16:53:38 - *****************************************
INFO:root:2023-11-23 16:53:38 - Costumer Count Reset to 0...
INFO:root:2023-11-23 16:53:41 - Accepted connection from
INFO:root:2023-11-23 16:53:41 - ('127.0.0.1', 50420)
INFO:root:2023-11-23 16:53:41 - Thread 5152: Handling client connection.
INFO:root:2023-11-23 16:53:41 - Performing sorting with list:
INFO:root:2023-11-23 16:53:41 - start^cumin,nori,sotanghon,chicken,canned pineapple,dustpan,root beer,fruit drink,,sparkling water,beef siomai frozen,salad,shabu sauce,,paper cups,plastic plates,basil leaves,baby wipes,bleach
INFO:root:2023-11-23 16:53:41 - Customer Number: 1
INFO:root:2023-11-23 16:53:41 - Compiled Data : True
INFO:root:2023-11-23 16:53:41 - item List = cumin nori sotanghon chicken canned pineapple dustpan root beer fruit drink sparkling water beef siomai frozen salad shabu sauce paper cups plastic plates basil leaves baby wipes bleach
INFO:root:2023-11-23 16:53:41 - ++++++++++++++++++++++++++++++++++++++++++++++++++++++++
