INFO:root:2023-11-23 17:58:48 - Logs, logs, logs!
INFO:root:2023-11-23 17:58:49 - Server is listening on
INFO:root:2023-11-23 17:58:49 - ('localhost', 8080)
INFO:root:2023-11-23 18:00:00 - Accepted connection from
INFO:root:2023-11-23 18:00:00 - ('127.0.0.1', 53199)
INFO:root:2023-11-23 18:00:00 - Thread 7068: Handling client connection.
INFO:root:2023-11-23 18:00:00 - Performing cluster with directory:
INFO:root:2023-11-23 18:00:00 - C:/Users/Jake/Documents/SIMULATION_BUILD/GroceryStoreSimulator_Data
INFO:root:2023-11-23 18:00:00 - Compiling CSV
INFO:root:2023-11-23 18:00:00 - Accessing files in folder: C:/Users/Jake/Documents/SIMULATION_BUILD/GroceryStoreSimulator_Data\CSVRecordings
INFO:root:2023-11-23 18:00:00 - Done compiling CSV
INFO:root:2023-11-23 18:00:00 - --- 0.24115753173828125 seconds ---    || AFTER CSV READ
INFO:root:2023-11-23 18:00:00 - --- 0.28603696823120117 seconds ---    || AFTER SORTING
INFO:root:2023-11-23 18:00:00 - --- 0.6455585956573486 seconds ---    || AFTER INIT TIMEGAP
INFO:root:2023-11-23 18:00:08 - --- 8.13672685623169 seconds ---    || AFTER ADD TIMEGAP
INFO:root:2023-11-23 18:00:08 - --- 8.326220750808716 seconds ---    || AFTER TIMEGAP DICT
INFO:root:2023-11-23 18:00:09 - Accessing file in folder: C:/Users/Jake/Documents/SIMULATION_BUILD/GroceryStoreSimulator_Data\clusteredCSV
INFO:root:2023-11-23 18:00:09 - --- 8.852811574935913 seconds ---    || DONE...
INFO:root:2023-11-23 18:00:09 - Total Items: 554
INFO:root:2023-11-23 18:00:09 - Total Pairs: 153181
INFO:root:2023-11-23 18:00:09 - Total Shoppers: 8998
INFO:root:2023-11-23 18:00:09 - Total Clusters: 207
INFO:root:2023-11-23 18:00:09 - Clustering Done..
INFO:root:2023-11-23 18:00:09 - *****************************************
INFO:root:2023-11-23 18:00:09 - *****************************************
INFO:root:2023-11-23 18:00:09 - Costumer Count Reset to 0...
INFO:root:2023-11-23 18:00:11 - Accepted connection from
INFO:root:2023-11-23 18:00:11 - ('127.0.0.1', 53207)
INFO:root:2023-11-23 18:00:11 - Thread 7068: Handling client connection.
INFO:root:2023-11-23 18:00:11 - Performing sorting with list:
INFO:root:2023-11-23 18:00:11 - start^salad,beef siomai frozen,dustpan,canned pineapple,fruit drink,nori,,basil leaves,baby wipes,root beer,bleach,cumin,sotanghon,,sparkling water,chicken,plastic plates,shabu sauce,paper cups
INFO:root:2023-11-23 18:00:11 - salad,beef siomai frozen,dustpan,canned pineapple,fruit drink,nori,,basil leaves,baby wipes,root beer,bleach,cumin,sotanghon,,sparkling water,chicken,plastic plates,shabu sauce,paper cups
INFO:root:2023-11-23 18:00:11 - Compiled Data : True
INFO:root:2023-11-23 18:00:11 - item List = salad, beef siomai frozen, dustpan, canned pineapple, fruit drink, nori, basil leaves, baby wipes, root beer, bleach, cumin, sotanghon, sparkling water, chicken, plastic plates, shabu sauce, paper cups
INFO:root:2023-11-23 18:00:11 - ++++++++++++++++++++++++++++++++++++++++++++++++++++++++
INFO:root:2023-11-23 18:00:11 - ['salad', 'canned pineapple', 'sotanghon', 'basil leaves', 'chicken', 'plastic plates', 'shabu sauce', 'beef siomai frozen', 'baby wipes', 'dustpan', 'cumin', 'sparkling water', 'paper cups', 'fruit drink', 'root beer', 'bleach', 'nori']
INFO:root:2023-11-23 18:00:11 - salad, canned pineapple, sotanghon, basil leaves, chicken, plastic plates, shabu sauce, beef siomai frozen, baby wipes, dustpan, cumin, sparkling water, paper cups, fruit drink, root beer, bleach, nori
INFO:root:2023-11-23 18:00:11 - *****************************************
INFO:root:2023-11-23 18:00:11 - *****************************************
INFO:root:2023-11-23 18:00:11 - isSorting: True
INFO:root:2023-11-23 18:00:11 - SORTING PERFORMED....
INFO:root:2023-11-23 18:00:11 - *****************************************
INFO:root:2023-11-23 18:00:34 - Accepted connection from
INFO:root:2023-11-23 18:00:34 - ('127.0.0.1', 53217)
INFO:root:2023-11-23 18:00:34 - Thread 7068: Handling client connection.
INFO:root:2023-11-23 18:00:34 - Performing sorting with list:
INFO:root:2023-11-23 18:00:34 - mid^canned pineapple/salad,sotanghon,basil leaves,chicken,plastic plates,shabu sauce,beef siomai frozen,baby wipes,dustpan,cumin,sparkling water,paper cups,fruit drink,root beer,bleach,nori
INFO:root:2023-11-23 18:00:34 - canned pineapple/salad,sotanghon,basil leaves,chicken,plastic plates,shabu sauce,beef siomai frozen,baby wipes,dustpan,cumin,sparkling water,paper cups,fruit drink,root beer,bleach,nori
INFO:root:2023-11-23 18:00:34 - Compiled Data : True
INFO:root:2023-11-23 18:00:34 - item List = canned pineapple, salad, sotanghon, basil leaves, chicken, plastic plates, shabu sauce, beef siomai frozen, baby wipes, dustpan, cumin, sparkling water, paper cups, fruit drink, root beer, bleach, nori
INFO:root:2023-11-23 18:00:34 - ++++++++++++++++++++++++++++++++++++++++++++++++++++++++
INFO:root:2023-11-23 18:00:34 - ['canned pineapple', 'sotanghon', 'basil leaves', 'chicken', 'plastic plates', 'shabu sauce', 'beef siomai frozen', 'baby wipes', 'dustpan', 'cumin', 'sparkling water', 'paper cups', 'fruit drink', 'root beer', 'bleach', 'salad', 'nori']
INFO:root:2023-11-23 18:00:34 - sotanghon, basil leaves, chicken, plastic plates, shabu sauce, beef siomai frozen, baby wipes, dustpan, cumin, sparkling water, paper cups, fruit drink, root beer, bleach, salad, nori
INFO:root:2023-11-23 18:00:34 - *****************************************
INFO:root:2023-11-23 18:00:34 - *****************************************
INFO:root:2023-11-23 18:00:34 - isSorting: True
INFO:root:2023-11-23 18:00:34 - SORTING PERFORMED....
INFO:root:2023-11-23 18:00:34 - *****************************************
INFO:root:2023-11-23 18:00:47 - Accepted connection from
INFO:root:2023-11-23 18:00:47 - ('127.0.0.1', 53223)
INFO:root:2023-11-23 18:00:47 - Thread 7068: Handling client connection.
INFO:root:2023-11-23 18:00:47 - Performing sorting with list:
INFO:root:2023-11-23 18:00:47 - mid^sotanghon/basil leaves,chicken,plastic plates,shabu sauce,beef siomai frozen,baby wipes,dustpan,cumin,sparkling water,paper cups,fruit drink,root beer,bleach,salad,nori
INFO:root:2023-11-23 18:00:47 - sotanghon/basil leaves,chicken,plastic plates,shabu sauce,beef siomai frozen,baby wipes,dustpan,cumin,sparkling water,paper cups,fruit drink,root beer,bleach,salad,nori
INFO:root:2023-11-23 18:00:47 - Compiled Data : True
INFO:root:2023-11-23 18:00:47 - item List = sotanghon, basil leaves, chicken, plastic plates, shabu sauce, beef siomai frozen, baby wipes, dustpan, cumin, sparkling water, paper cups, fruit drink, root beer, bleach, salad, nori
INFO:root:2023-11-23 18:00:47 - ++++++++++++++++++++++++++++++++++++++++++++++++++++++++
INFO:root:2023-11-23 18:00:47 - ['sotanghon', 'basil leaves', 'chicken', 'plastic plates', 'shabu sauce', 'beef siomai frozen', 'baby wipes', 'dustpan', 'cumin', 'sparkling water', 'paper cups', 'fruit drink', 'root beer', 'bleach', 'salad', 'nori']
INFO:root:2023-11-23 18:00:47 - basil leaves, chicken, plastic plates, shabu sauce, beef siomai frozen, baby wipes, dustpan, cumin, sparkling water, paper cups, fruit drink, root beer, bleach, salad, nori
INFO:root:2023-11-23 18:00:47 - *****************************************
INFO:root:2023-11-23 18:00:47 - *****************************************
INFO:root:2023-11-23 18:00:47 - isSorting: True
INFO:root:2023-11-23 18:00:47 - SORTING PERFORMED....
INFO:root:2023-11-23 18:00:47 - *****************************************
INFO:root:2023-11-23 18:01:00 - Accepted connection from
INFO:root:2023-11-23 18:01:00 - ('127.0.0.1', 53230)
INFO:root:2023-11-23 18:01:00 - Thread 7068: Handling client connection.
INFO:root:2023-11-23 18:01:00 - Performing sorting with list:
INFO:root:2023-11-23 18:01:00 - mid^sparkling water/basil leaves,chicken,plastic plates,shabu sauce,beef siomai frozen,baby wipes,dustpan,cumin,paper cups,fruit drink,root beer,bleach,salad,nori
INFO:root:2023-11-23 18:01:00 - sparkling water/basil leaves,chicken,plastic plates,shabu sauce,beef siomai frozen,baby wipes,dustpan,cumin,paper cups,fruit drink,root beer,bleach,salad,nori
INFO:root:2023-11-23 18:01:00 - Compiled Data : True
INFO:root:2023-11-23 18:01:00 - item List = sparkling water, basil leaves, chicken, plastic plates, shabu sauce, beef siomai frozen, baby wipes, dustpan, cumin, paper cups, fruit drink, root beer, bleach, salad, nori
INFO:root:2023-11-23 18:01:00 - ++++++++++++++++++++++++++++++++++++++++++++++++++++++++
INFO:root:2023-11-23 18:01:00 - ['sparkling water', 'basil leaves', 'chicken', 'plastic plates', 'shabu sauce', 'beef siomai frozen', 'baby wipes', 'dustpan', 'cumin', 'paper cups', 'fruit drink', 'root beer', 'bleach', 'salad', 'nori']
INFO:root:2023-11-23 18:01:00 - basil leaves, chicken, plastic plates, shabu sauce, beef siomai frozen, baby wipes, dustpan, cumin, paper cups, fruit drink, root beer, bleach, salad, nori
INFO:root:2023-11-23 18:01:00 - *****************************************
INFO:root:2023-11-23 18:01:00 - *****************************************
INFO:root:2023-11-23 18:01:00 - isSorting: True
INFO:root:2023-11-23 18:01:00 - SORTING PERFORMED....
INFO:root:2023-11-23 18:01:00 - *****************************************
INFO:root:2023-11-23 18:01:13 - Accepted connection from
INFO:root:2023-11-23 18:01:13 - ('127.0.0.1', 53237)
INFO:root:2023-11-23 18:01:13 - Thread 7068: Handling client connection.
INFO:root:2023-11-23 18:01:13 - Performing sorting with list:
INFO:root:2023-11-23 18:01:13 - mid^root beer/basil leaves,chicken,plastic plates,shabu sauce,beef siomai frozen,baby wipes,dustpan,cumin,paper cups,fruit drink,bleach,salad,nori
INFO:root:2023-11-23 18:01:13 - root beer/basil leaves,chicken,plastic plates,shabu sauce,beef siomai frozen,baby wipes,dustpan,cumin,paper cups,fruit drink,bleach,salad,nori
INFO:root:2023-11-23 18:01:13 - Compiled Data : True
INFO:root:2023-11-23 18:01:13 - item List = root beer, basil leaves, chicken, plastic plates, shabu sauce, beef siomai frozen, baby wipes, dustpan, cumin, paper cups, fruit drink, bleach, salad, nori
INFO:root:2023-11-23 18:01:13 - ++++++++++++++++++++++++++++++++++++++++++++++++++++++++
INFO:root:2023-11-23 18:01:13 - ['root beer', 'fruit drink', 'basil leaves', 'chicken', 'plastic plates', 'shabu sauce', 'beef siomai frozen', 'baby wipes', 'dustpan', 'cumin', 'paper cups', 'bleach', 'salad', 'nori']
INFO:root:2023-11-23 18:01:13 - fruit drink, basil leaves, chicken, plastic plates, shabu sauce, beef siomai frozen, baby wipes, dustpan, cumin, paper cups, bleach, salad, nori
INFO:root:2023-11-23 18:01:13 - *****************************************
INFO:root:2023-11-23 18:01:13 - *****************************************
INFO:root:2023-11-23 18:01:13 - isSorting: True
INFO:root:2023-11-23 18:01:13 - SORTING PERFORMED....
INFO:root:2023-11-23 18:01:13 - *****************************************
INFO:root:2023-11-23 18:01:26 - Accepted connection from
INFO:root:2023-11-23 18:01:26 - ('127.0.0.1', 53248)
INFO:root:2023-11-23 18:01:26 - Thread 7068: Handling client connection.
INFO:root:2023-11-23 18:01:26 - Performing sorting with list:
INFO:root:2023-11-23 18:01:26 - mid^plastic plates/fruit drink,basil leaves,chicken,shabu sauce,beef siomai frozen,baby wipes,dustpan,cumin,paper cups,bleach,salad,nori
INFO:root:2023-11-23 18:01:26 - plastic plates/fruit drink,basil leaves,chicken,shabu sauce,beef siomai frozen,baby wipes,dustpan,cumin,paper cups,bleach,salad,nori
INFO:root:2023-11-23 18:01:26 - Compiled Data : True
INFO:root:2023-11-23 18:01:26 - item List = plastic plates, fruit drink, basil leaves, chicken, shabu sauce, beef siomai frozen, baby wipes, dustpan, cumin, paper cups, bleach, salad, nori
INFO:root:2023-11-23 18:01:26 - ++++++++++++++++++++++++++++++++++++++++++++++++++++++++
INFO:root:2023-11-23 18:01:26 - ['plastic plates', 'basil leaves', 'chicken', 'shabu sauce', 'beef siomai frozen', 'baby wipes', 'dustpan', 'cumin', 'paper cups', 'fruit drink', 'bleach', 'salad', 'nori']
INFO:root:2023-11-23 18:01:26 - basil leaves, chicken, shabu sauce, beef siomai frozen, baby wipes, dustpan, cumin, paper cups, fruit drink, bleach, salad, nori
INFO:root:2023-11-23 18:01:26 - *****************************************
INFO:root:2023-11-23 18:01:26 - *****************************************
INFO:root:2023-11-23 18:01:26 - isSorting: True
INFO:root:2023-11-23 18:01:26 - SORTING PERFORMED....
INFO:root:2023-11-23 18:01:26 - *****************************************
INFO:root:2023-11-23 18:01:38 - Accepted connection from
INFO:root:2023-11-23 18:01:38 - ('127.0.0.1', 53256)
INFO:root:2023-11-23 18:01:38 - Thread 7068: Handling client connection.
INFO:root:2023-11-23 18:01:38 - Performing sorting with list:
INFO:root:2023-11-23 18:01:38 - mid^baby wipes/basil leaves,chicken,shabu sauce,beef siomai frozen,dustpan,cumin,paper cups,fruit drink,bleach,salad,nori
INFO:root:2023-11-23 18:01:38 - baby wipes/basil leaves,chicken,shabu sauce,beef siomai frozen,dustpan,cumin,paper cups,fruit drink,bleach,salad,nori
INFO:root:2023-11-23 18:01:38 - Compiled Data : True
INFO:root:2023-11-23 18:01:38 - item List = baby wipes, basil leaves, chicken, shabu sauce, beef siomai frozen, dustpan, cumin, paper cups, fruit drink, bleach, salad, nori
INFO:root:2023-11-23 18:01:38 - ++++++++++++++++++++++++++++++++++++++++++++++++++++++++
INFO:root:2023-11-23 18:01:38 - ['baby wipes', 'basil leaves', 'chicken', 'shabu sauce', 'beef siomai frozen', 'dustpan', 'cumin', 'paper cups', 'fruit drink', 'bleach', 'salad', 'nori']
INFO:root:2023-11-23 18:01:38 - basil leaves, chicken, shabu sauce, beef siomai frozen, dustpan, cumin, paper cups, fruit drink, bleach, salad, nori
INFO:root:2023-11-23 18:01:38 - *****************************************
INFO:root:2023-11-23 18:01:38 - *****************************************
INFO:root:2023-11-23 18:01:38 - isSorting: True
INFO:root:2023-11-23 18:01:38 - SORTING PERFORMED....
INFO:root:2023-11-23 18:01:38 - *****************************************
INFO:root:2023-11-23 18:01:51 - Accepted connection from
INFO:root:2023-11-23 18:01:51 - ('127.0.0.1', 53260)
INFO:root:2023-11-23 18:01:51 - Thread 7068: Handling client connection.
INFO:root:2023-11-23 18:01:51 - Performing sorting with list:
INFO:root:2023-11-23 18:01:51 - mid^dustpan/basil leaves,chicken,shabu sauce,beef siomai frozen,cumin,paper cups,fruit drink,bleach,salad,nori
INFO:root:2023-11-23 18:01:51 - dustpan/basil leaves,chicken,shabu sauce,beef siomai frozen,cumin,paper cups,fruit drink,bleach,salad,nori
INFO:root:2023-11-23 18:01:51 - Compiled Data : True
INFO:root:2023-11-23 18:01:51 - item List = dustpan, basil leaves, chicken, shabu sauce, beef siomai frozen, cumin, paper cups, fruit drink, bleach, salad, nori
INFO:root:2023-11-23 18:01:51 - ++++++++++++++++++++++++++++++++++++++++++++++++++++++++
INFO:root:2023-11-23 18:01:51 - ['dustpan', 'basil leaves', 'chicken', 'shabu sauce', 'beef siomai frozen', 'cumin', 'paper cups', 'fruit drink', 'bleach', 'salad', 'nori']
INFO:root:2023-11-23 18:01:51 - basil leaves, chicken, shabu sauce, beef siomai frozen, cumin, paper cups, fruit drink, bleach, salad, nori
INFO:root:2023-11-23 18:01:51 - *****************************************
INFO:root:2023-11-23 18:01:51 - *****************************************
INFO:root:2023-11-23 18:01:51 - isSorting: True
INFO:root:2023-11-23 18:01:51 - SORTING PERFORMED....
INFO:root:2023-11-23 18:01:51 - *****************************************
INFO:root:2023-11-23 18:02:03 - Accepted connection from
INFO:root:2023-11-23 18:02:03 - ('127.0.0.1', 53264)
INFO:root:2023-11-23 18:02:03 - Thread 7068: Handling client connection.
INFO:root:2023-11-23 18:02:03 - Performing sorting with list:
INFO:root:2023-11-23 18:02:03 - mid^paper cups/basil leaves,chicken,shabu sauce,beef siomai frozen,cumin,fruit drink,bleach,salad,nori
INFO:root:2023-11-23 18:02:03 - paper cups/basil leaves,chicken,shabu sauce,beef siomai frozen,cumin,fruit drink,bleach,salad,nori
INFO:root:2023-11-23 18:02:03 - Compiled Data : True
INFO:root:2023-11-23 18:02:03 - item List = paper cups, basil leaves, chicken, shabu sauce, beef siomai frozen, cumin, fruit drink, bleach, salad, nori
INFO:root:2023-11-23 18:02:03 - ++++++++++++++++++++++++++++++++++++++++++++++++++++++++
INFO:root:2023-11-23 18:02:03 - ['paper cups', 'basil leaves', 'chicken', 'shabu sauce', 'beef siomai frozen', 'cumin', 'fruit drink', 'bleach', 'salad', 'nori']
INFO:root:2023-11-23 18:02:03 - basil leaves, chicken, shabu sauce, beef siomai frozen, cumin, fruit drink, bleach, salad, nori
INFO:root:2023-11-23 18:02:03 - *****************************************
INFO:root:2023-11-23 18:02:03 - *****************************************
INFO:root:2023-11-23 18:02:03 - isSorting: True
INFO:root:2023-11-23 18:02:03 - SORTING PERFORMED....
INFO:root:2023-11-23 18:02:03 - *****************************************
INFO:root:2023-11-23 18:02:16 - Accepted connection from
INFO:root:2023-11-23 18:02:16 - ('127.0.0.1', 53269)
INFO:root:2023-11-23 18:02:16 - Thread 7068: Handling client connection.
INFO:root:2023-11-23 18:02:16 - Performing sorting with list:
INFO:root:2023-11-23 18:02:16 - mid^bleach/basil leaves,chicken,shabu sauce,beef siomai frozen,cumin,fruit drink,salad,nori
INFO:root:2023-11-23 18:02:16 - bleach/basil leaves,chicken,shabu sauce,beef siomai frozen,cumin,fruit drink,salad,nori
INFO:root:2023-11-23 18:02:16 - Compiled Data : True
INFO:root:2023-11-23 18:02:16 - item List = bleach, basil leaves, chicken, shabu sauce, beef siomai frozen, cumin, fruit drink, salad, nori
INFO:root:2023-11-23 18:02:16 - ++++++++++++++++++++++++++++++++++++++++++++++++++++++++
INFO:root:2023-11-23 18:02:16 - ['bleach', 'basil leaves', 'chicken', 'shabu sauce', 'beef siomai frozen', 'cumin', 'fruit drink', 'salad', 'nori']
INFO:root:2023-11-23 18:02:16 - basil leaves, chicken, shabu sauce, beef siomai frozen, cumin, fruit drink, salad, nori
INFO:root:2023-11-23 18:02:16 - *****************************************
INFO:root:2023-11-23 18:02:16 - *****************************************
INFO:root:2023-11-23 18:02:16 - isSorting: True
INFO:root:2023-11-23 18:02:16 - SORTING PERFORMED....
INFO:root:2023-11-23 18:02:16 - *****************************************
INFO:root:2023-11-23 18:02:29 - Accepted connection from
INFO:root:2023-11-23 18:02:29 - ('127.0.0.1', 53279)
INFO:root:2023-11-23 18:02:29 - Thread 7068: Handling client connection.
INFO:root:2023-11-23 18:02:29 - Performing sorting with list:
INFO:root:2023-11-23 18:02:29 - mid^shabu sauce/basil leaves,chicken,beef siomai frozen,cumin,fruit drink,salad,nori
INFO:root:2023-11-23 18:02:29 - shabu sauce/basil leaves,chicken,beef siomai frozen,cumin,fruit drink,salad,nori
INFO:root:2023-11-23 18:02:29 - Compiled Data : True
INFO:root:2023-11-23 18:02:29 - item List = shabu sauce, basil leaves, chicken, beef siomai frozen, cumin, fruit drink, salad, nori
INFO:root:2023-11-23 18:02:29 - ++++++++++++++++++++++++++++++++++++++++++++++++++++++++
INFO:root:2023-11-23 18:02:29 - ['shabu sauce', 'basil leaves', 'chicken', 'beef siomai frozen', 'cumin', 'fruit drink', 'salad', 'nori']
INFO:root:2023-11-23 18:02:29 - basil leaves, chicken, beef siomai frozen, cumin, fruit drink, salad, nori
INFO:root:2023-11-23 18:02:29 - *****************************************
INFO:root:2023-11-23 18:02:29 - *****************************************
INFO:root:2023-11-23 18:02:29 - isSorting: True
INFO:root:2023-11-23 18:02:29 - SORTING PERFORMED....
INFO:root:2023-11-23 18:02:29 - *****************************************
INFO:root:2023-11-23 18:02:42 - Accepted connection from
INFO:root:2023-11-23 18:02:42 - ('127.0.0.1', 53289)
INFO:root:2023-11-23 18:02:42 - Thread 7068: Handling client connection.
INFO:root:2023-11-23 18:02:42 - Performing sorting with list:
INFO:root:2023-11-23 18:02:42 - mid^fruit drink/basil leaves,chicken,beef siomai frozen,cumin,salad,nori
INFO:root:2023-11-23 18:02:42 - fruit drink/basil leaves,chicken,beef siomai frozen,cumin,salad,nori
INFO:root:2023-11-23 18:02:42 - Compiled Data : True
INFO:root:2023-11-23 18:02:42 - item List = fruit drink, basil leaves, chicken, beef siomai frozen, cumin, salad, nori
INFO:root:2023-11-23 18:02:42 - ++++++++++++++++++++++++++++++++++++++++++++++++++++++++
INFO:root:2023-11-23 18:02:42 - ['fruit drink', 'basil leaves', 'chicken', 'beef siomai frozen', 'cumin', 'salad', 'nori']
INFO:root:2023-11-23 18:02:42 - basil leaves, chicken, beef siomai frozen, cumin, salad, nori
INFO:root:2023-11-23 18:02:42 - *****************************************
INFO:root:2023-11-23 18:02:42 - *****************************************
INFO:root:2023-11-23 18:02:42 - isSorting: True
INFO:root:2023-11-23 18:02:42 - SORTING PERFORMED....
INFO:root:2023-11-23 18:02:42 - *****************************************
INFO:root:2023-11-23 18:02:55 - Accepted connection from
INFO:root:2023-11-23 18:02:55 - ('127.0.0.1', 53297)
INFO:root:2023-11-23 18:02:55 - Thread 7068: Handling client connection.
INFO:root:2023-11-23 18:02:55 - Performing sorting with list:
INFO:root:2023-11-23 18:02:55 - mid^nori/basil leaves,chicken,beef siomai frozen,cumin,salad
INFO:root:2023-11-23 18:02:55 - nori/basil leaves,chicken,beef siomai frozen,cumin,salad
INFO:root:2023-11-23 18:02:55 - Compiled Data : True
INFO:root:2023-11-23 18:02:55 - item List = nori, basil leaves, chicken, beef siomai frozen, cumin, salad
INFO:root:2023-11-23 18:02:55 - ++++++++++++++++++++++++++++++++++++++++++++++++++++++++
INFO:root:2023-11-23 18:02:55 - ['nori', 'basil leaves', 'chicken', 'beef siomai frozen', 'cumin', 'salad']
INFO:root:2023-11-23 18:02:55 - basil leaves, chicken, beef siomai frozen, cumin, salad
INFO:root:2023-11-23 18:02:55 - *****************************************
INFO:root:2023-11-23 18:02:55 - *****************************************
INFO:root:2023-11-23 18:02:55 - isSorting: True
INFO:root:2023-11-23 18:02:55 - SORTING PERFORMED....
INFO:root:2023-11-23 18:02:55 - *****************************************
INFO:root:2023-11-23 18:03:08 - Accepted connection from
INFO:root:2023-11-23 18:03:08 - ('127.0.0.1', 53306)
INFO:root:2023-11-23 18:03:08 - Thread 7068: Handling client connection.
INFO:root:2023-11-23 18:03:08 - Performing sorting with list:
INFO:root:2023-11-23 18:03:08 - mid^basil leaves/chicken,beef siomai frozen,cumin,salad
INFO:root:2023-11-23 18:03:08 - basil leaves/chicken,beef siomai frozen,cumin,salad
INFO:root:2023-11-23 18:03:08 - Compiled Data : True
INFO:root:2023-11-23 18:03:08 - item List = basil leaves, chicken, beef siomai frozen, cumin, salad
INFO:root:2023-11-23 18:03:08 - ++++++++++++++++++++++++++++++++++++++++++++++++++++++++
INFO:root:2023-11-23 18:03:08 - ['basil leaves', 'chicken', 'beef siomai frozen', 'cumin', 'salad']
INFO:root:2023-11-23 18:03:08 - chicken, beef siomai frozen, cumin, salad
INFO:root:2023-11-23 18:03:08 - *****************************************
INFO:root:2023-11-23 18:03:08 - *****************************************
INFO:root:2023-11-23 18:03:08 - isSorting: True
INFO:root:2023-11-23 18:03:08 - SORTING PERFORMED....
INFO:root:2023-11-23 18:03:08 - *****************************************
INFO:root:2023-11-23 18:03:20 - Accepted connection from
INFO:root:2023-11-23 18:03:20 - ('127.0.0.1', 53312)
INFO:root:2023-11-23 18:03:20 - Thread 7068: Handling client connection.
INFO:root:2023-11-23 18:03:20 - Performing sorting with list:
INFO:root:2023-11-23 18:03:20 - mid^chicken/beef siomai frozen,cumin,salad
INFO:root:2023-11-23 18:03:20 - chicken/beef siomai frozen,cumin,salad
INFO:root:2023-11-23 18:03:20 - Compiled Data : True
INFO:root:2023-11-23 18:03:20 - item List = chicken, beef siomai frozen, cumin, salad
INFO:root:2023-11-23 18:03:20 - ++++++++++++++++++++++++++++++++++++++++++++++++++++++++
INFO:root:2023-11-23 18:03:20 - ['chicken', 'beef siomai frozen', 'cumin', 'salad']
INFO:root:2023-11-23 18:03:20 - beef siomai frozen, cumin, salad
INFO:root:2023-11-23 18:03:20 - *****************************************
INFO:root:2023-11-23 18:03:20 - *****************************************
INFO:root:2023-11-23 18:03:20 - isSorting: True
INFO:root:2023-11-23 18:03:20 - SORTING PERFORMED....
INFO:root:2023-11-23 18:03:20 - *****************************************
INFO:root:2023-11-23 18:03:33 - Accepted connection from
INFO:root:2023-11-23 18:03:33 - ('127.0.0.1', 53318)
INFO:root:2023-11-23 18:03:33 - Thread 7068: Handling client connection.
INFO:root:2023-11-23 18:03:33 - Performing sorting with list:
INFO:root:2023-11-23 18:03:33 - mid^beef siomai frozen/cumin,salad
INFO:root:2023-11-23 18:03:33 - beef siomai frozen/cumin,salad
INFO:root:2023-11-23 18:03:33 - Compiled Data : True
INFO:root:2023-11-23 18:03:33 - item List = beef siomai frozen, cumin, salad
INFO:root:2023-11-23 18:03:33 - ++++++++++++++++++++++++++++++++++++++++++++++++++++++++
INFO:root:2023-11-23 18:03:33 - ['beef siomai frozen', 'cumin', 'salad']
INFO:root:2023-11-23 18:03:33 - cumin, salad
INFO:root:2023-11-23 18:03:33 - *****************************************
INFO:root:2023-11-23 18:03:33 - *****************************************
INFO:root:2023-11-23 18:03:33 - isSorting: True
INFO:root:2023-11-23 18:03:33 - SORTING PERFORMED....
INFO:root:2023-11-23 18:03:33 - *****************************************
INFO:root:2023-11-23 18:03:46 - Accepted connection from
INFO:root:2023-11-23 18:03:46 - ('127.0.0.1', 53323)
INFO:root:2023-11-23 18:03:46 - Thread 7068: Handling client connection.
INFO:root:2023-11-23 18:03:46 - Performing sorting with list:
INFO:root:2023-11-23 18:03:46 - end^salad
INFO:root:2023-11-23 18:03:46 - salad
INFO:root:2023-11-23 18:03:46 - Compiled Data : True
INFO:root:2023-11-23 18:03:46 - item List = salad
INFO:root:2023-11-23 18:03:46 - ++++++++++++++++++++++++++++++++++++++++++++++++++++++++
INFO:root:2023-11-23 18:03:46 - salad
INFO:root:2023-11-23 18:03:46 - *****************************************
INFO:root:2023-11-23 18:03:46 - *****************************************
INFO:root:2023-11-23 18:03:46 - isSorting: True
INFO:root:2023-11-23 18:03:46 - SORTING PERFORMED....
INFO:root:2023-11-23 18:03:46 - *****************************************
INFO:root:2023-11-23 18:04:01 - Accepted connection from
INFO:root:2023-11-23 18:04:01 - ('127.0.0.1', 53327)
INFO:root:2023-11-23 18:04:01 - Thread 7068: Handling client connection.
INFO:root:2023-11-23 18:04:01 - Performing sorting with list:
INFO:root:2023-11-23 18:04:01 - start^,french beans,puto cheese,garlic pack,,red wine,creamy white coffee,cabbage,sliced bread,umami seasoning,hair conditioner,toothpaste,coconut oil
INFO:root:2023-11-23 18:04:01 - ,french beans,puto cheese,garlic pack,,red wine,creamy white coffee,cabbage,sliced bread,umami seasoning,hair conditioner,toothpaste,coconut oil
INFO:root:2023-11-23 18:04:01 - Compiled Data : True
INFO:root:2023-11-23 18:04:01 - item List = french beans, puto cheese, garlic pack, red wine, creamy white coffee, cabbage, sliced bread, umami seasoning, hair conditioner, toothpaste, coconut oil
INFO:root:2023-11-23 18:04:01 - ++++++++++++++++++++++++++++++++++++++++++++++++++++++++
INFO:root:2023-11-23 18:04:01 - ['french beans', 'cabbage', 'umami seasoning', 'toothpaste', 'red wine', 'coconut oil', 'puto cheese', 'creamy white coffee', 'sliced bread', 'garlic pack', 'hair conditioner']
INFO:root:2023-11-23 18:04:01 - french beans, cabbage, umami seasoning, toothpaste, red wine, coconut oil, puto cheese, creamy white coffee, sliced bread, garlic pack, hair conditioner
INFO:root:2023-11-23 18:04:01 - *****************************************
INFO:root:2023-11-23 18:04:01 - *****************************************
INFO:root:2023-11-23 18:04:01 - isSorting: True
INFO:root:2023-11-23 18:04:01 - SORTING PERFORMED....
INFO:root:2023-11-23 18:04:01 - *****************************************
INFO:root:2023-11-23 18:04:14 - Accepted connection from
INFO:root:2023-11-23 18:04:14 - ('127.0.0.1', 53334)
INFO:root:2023-11-23 18:04:14 - Thread 7068: Handling client connection.
INFO:root:2023-11-23 18:04:14 - Performing sorting with list:
INFO:root:2023-11-23 18:04:14 - mid^toothpaste/french beans,cabbage,umami seasoning,red wine,coconut oil,puto cheese,creamy white coffee,sliced bread,garlic pack,hair conditioner
INFO:root:2023-11-23 18:04:14 - toothpaste/french beans,cabbage,umami seasoning,red wine,coconut oil,puto cheese,creamy white coffee,sliced bread,garlic pack,hair conditioner
INFO:root:2023-11-23 18:04:14 - Compiled Data : True
INFO:root:2023-11-23 18:04:14 - item List = toothpaste, french beans, cabbage, umami seasoning, red wine, coconut oil, puto cheese, creamy white coffee, sliced bread, garlic pack, hair conditioner
INFO:root:2023-11-23 18:04:14 - ++++++++++++++++++++++++++++++++++++++++++++++++++++++++
INFO:root:2023-11-23 18:04:14 - ['toothpaste', 'umami seasoning', 'red wine', 'coconut oil', 'puto cheese', 'french beans', 'cabbage', 'creamy white coffee', 'sliced bread', 'garlic pack', 'hair conditioner']
INFO:root:2023-11-23 18:04:14 - umami seasoning, red wine, coconut oil, puto cheese, french beans, cabbage, creamy white coffee, sliced bread, garlic pack, hair conditioner
INFO:root:2023-11-23 18:04:14 - *****************************************
INFO:root:2023-11-23 18:04:14 - *****************************************
INFO:root:2023-11-23 18:04:14 - isSorting: True
INFO:root:2023-11-23 18:04:14 - SORTING PERFORMED....
INFO:root:2023-11-23 18:04:14 - *****************************************
INFO:root:2023-11-23 18:04:26 - Accepted connection from
INFO:root:2023-11-23 18:04:26 - ('127.0.0.1', 53338)
INFO:root:2023-11-23 18:04:26 - Thread 7068: Handling client connection.
INFO:root:2023-11-23 18:04:26 - Performing sorting with list:
INFO:root:2023-11-23 18:04:26 - mid^hair conditioner/umami seasoning,red wine,coconut oil,puto cheese,french beans,cabbage,creamy white coffee,sliced bread,garlic pack
INFO:root:2023-11-23 18:04:26 - hair conditioner/umami seasoning,red wine,coconut oil,puto cheese,french beans,cabbage,creamy white coffee,sliced bread,garlic pack
INFO:root:2023-11-23 18:04:26 - Compiled Data : True
INFO:root:2023-11-23 18:04:26 - item List = hair conditioner, umami seasoning, red wine, coconut oil, puto cheese, french beans, cabbage, creamy white coffee, sliced bread, garlic pack
INFO:root:2023-11-23 18:04:26 - ++++++++++++++++++++++++++++++++++++++++++++++++++++++++
INFO:root:2023-11-23 18:04:26 - ['hair conditioner', 'umami seasoning', 'red wine', 'coconut oil', 'puto cheese', 'french beans', 'cabbage', 'creamy white coffee', 'sliced bread', 'garlic pack']
INFO:root:2023-11-23 18:04:26 - umami seasoning, red wine, coconut oil, puto cheese, french beans, cabbage, creamy white coffee, sliced bread, garlic pack
INFO:root:2023-11-23 18:04:26 - *****************************************
INFO:root:2023-11-23 18:04:26 - *****************************************
INFO:root:2023-11-23 18:04:26 - isSorting: True
INFO:root:2023-11-23 18:04:26 - SORTING PERFORMED....
INFO:root:2023-11-23 18:04:26 - *****************************************
INFO:root:2023-11-23 18:04:40 - Accepted connection from
INFO:root:2023-11-23 18:04:40 - ('127.0.0.1', 53343)
INFO:root:2023-11-23 18:04:40 - Thread 7068: Handling client connection.
INFO:root:2023-11-23 18:04:40 - Performing sorting with list:
INFO:root:2023-11-23 18:04:40 - mid^umami seasoning/red wine,coconut oil,puto cheese,french beans,cabbage,creamy white coffee,sliced bread,garlic pack
INFO:root:2023-11-23 18:04:40 - umami seasoning/red wine,coconut oil,puto cheese,french beans,cabbage,creamy white coffee,sliced bread,garlic pack
INFO:root:2023-11-23 18:04:40 - Compiled Data : True
INFO:root:2023-11-23 18:04:40 - item List = umami seasoning, red wine, coconut oil, puto cheese, french beans, cabbage, creamy white coffee, sliced bread, garlic pack
INFO:root:2023-11-23 18:04:40 - ++++++++++++++++++++++++++++++++++++++++++++++++++++++++
INFO:root:2023-11-23 18:04:40 - ['umami seasoning', 'red wine', 'coconut oil', 'puto cheese', 'french beans', 'cabbage', 'creamy white coffee', 'sliced bread', 'garlic pack']
INFO:root:2023-11-23 18:04:40 - red wine, coconut oil, puto cheese, french beans, cabbage, creamy white coffee, sliced bread, garlic pack
INFO:root:2023-11-23 18:04:40 - *****************************************
INFO:root:2023-11-23 18:04:40 - *****************************************
INFO:root:2023-11-23 18:04:40 - isSorting: True
INFO:root:2023-11-23 18:04:40 - SORTING PERFORMED....
INFO:root:2023-11-23 18:04:40 - *****************************************
INFO:root:2023-11-23 18:04:53 - Accepted connection from
INFO:root:2023-11-23 18:04:53 - ('127.0.0.1', 53349)
INFO:root:2023-11-23 18:04:53 - Thread 7068: Handling client connection.
INFO:root:2023-11-23 18:04:53 - Performing sorting with list:
INFO:root:2023-11-23 18:04:53 - mid^french beans/red wine,coconut oil,puto cheese,cabbage,creamy white coffee,sliced bread,garlic pack
INFO:root:2023-11-23 18:04:53 - french beans/red wine,coconut oil,puto cheese,cabbage,creamy white coffee,sliced bread,garlic pack
INFO:root:2023-11-23 18:04:53 - Compiled Data : True
INFO:root:2023-11-23 18:04:53 - item List = french beans, red wine, coconut oil, puto cheese, cabbage, creamy white coffee, sliced bread, garlic pack
INFO:root:2023-11-23 18:04:53 - ++++++++++++++++++++++++++++++++++++++++++++++++++++++++
INFO:root:2023-11-23 18:04:53 - ['french beans', 'cabbage', 'red wine', 'coconut oil', 'puto cheese', 'creamy white coffee', 'sliced bread', 'garlic pack']
INFO:root:2023-11-23 18:04:53 - cabbage, red wine, coconut oil, puto cheese, creamy white coffee, sliced bread, garlic pack
INFO:root:2023-11-23 18:04:53 - *****************************************
INFO:root:2023-11-23 18:04:53 - *****************************************
INFO:root:2023-11-23 18:04:53 - isSorting: True
INFO:root:2023-11-23 18:04:53 - SORTING PERFORMED....
INFO:root:2023-11-23 18:04:53 - *****************************************
INFO:root:2023-11-23 18:05:05 - Accepted connection from
INFO:root:2023-11-23 18:05:05 - ('127.0.0.1', 53356)
INFO:root:2023-11-23 18:05:05 - Thread 7068: Handling client connection.
INFO:root:2023-11-23 18:05:05 - Performing sorting with list:
INFO:root:2023-11-23 18:05:05 - mid^cabbage/red wine,coconut oil,puto cheese,creamy white coffee,sliced bread,garlic pack
INFO:root:2023-11-23 18:05:05 - cabbage/red wine,coconut oil,puto cheese,creamy white coffee,sliced bread,garlic pack
INFO:root:2023-11-23 18:05:05 - Compiled Data : True
INFO:root:2023-11-23 18:05:05 - item List = cabbage, red wine, coconut oil, puto cheese, creamy white coffee, sliced bread, garlic pack
INFO:root:2023-11-23 18:05:05 - ++++++++++++++++++++++++++++++++++++++++++++++++++++++++
INFO:root:2023-11-23 18:05:05 - ['cabbage', 'red wine', 'coconut oil', 'puto cheese', 'creamy white coffee', 'sliced bread', 'garlic pack']
INFO:root:2023-11-23 18:05:05 - red wine, coconut oil, puto cheese, creamy white coffee, sliced bread, garlic pack
INFO:root:2023-11-23 18:05:05 - *****************************************
INFO:root:2023-11-23 18:05:05 - *****************************************
INFO:root:2023-11-23 18:05:05 - isSorting: True
INFO:root:2023-11-23 18:05:05 - SORTING PERFORMED....
INFO:root:2023-11-23 18:05:05 - *****************************************
INFO:root:2023-11-23 18:05:18 - Accepted connection from
INFO:root:2023-11-23 18:05:18 - ('127.0.0.1', 53367)
INFO:root:2023-11-23 18:05:18 - Thread 7068: Handling client connection.
INFO:root:2023-11-23 18:05:18 - Performing sorting with list:
INFO:root:2023-11-23 18:05:18 - mid^garlic pack/red wine,coconut oil,puto cheese,creamy white coffee,sliced bread
INFO:root:2023-11-23 18:05:18 - garlic pack/red wine,coconut oil,puto cheese,creamy white coffee,sliced bread
INFO:root:2023-11-23 18:05:18 - Compiled Data : True
INFO:root:2023-11-23 18:05:18 - item List = garlic pack, red wine, coconut oil, puto cheese, creamy white coffee, sliced bread
INFO:root:2023-11-23 18:05:18 - ++++++++++++++++++++++++++++++++++++++++++++++++++++++++
INFO:root:2023-11-23 18:05:18 - ['garlic pack', 'red wine', 'coconut oil', 'puto cheese', 'creamy white coffee', 'sliced bread']
INFO:root:2023-11-23 18:05:18 - red wine, coconut oil, puto cheese, creamy white coffee, sliced bread
INFO:root:2023-11-23 18:05:18 - *****************************************
INFO:root:2023-11-23 18:05:18 - *****************************************
INFO:root:2023-11-23 18:05:18 - isSorting: True
INFO:root:2023-11-23 18:05:18 - SORTING PERFORMED....
INFO:root:2023-11-23 18:05:18 - *****************************************
INFO:root:2023-11-23 18:05:31 - Accepted connection from
INFO:root:2023-11-23 18:05:31 - ('127.0.0.1', 53373)
INFO:root:2023-11-23 18:05:31 - Thread 7068: Handling client connection.
INFO:root:2023-11-23 18:05:31 - Performing sorting with list:
INFO:root:2023-11-23 18:05:31 - mid^red wine/coconut oil,puto cheese,creamy white coffee,sliced bread
INFO:root:2023-11-23 18:05:31 - red wine/coconut oil,puto cheese,creamy white coffee,sliced bread
INFO:root:2023-11-23 18:05:31 - Compiled Data : True
INFO:root:2023-11-23 18:05:31 - item List = red wine, coconut oil, puto cheese, creamy white coffee, sliced bread
INFO:root:2023-11-23 18:05:31 - ++++++++++++++++++++++++++++++++++++++++++++++++++++++++
INFO:root:2023-11-23 18:05:31 - ['red wine', 'coconut oil', 'puto cheese', 'creamy white coffee', 'sliced bread']
INFO:root:2023-11-23 18:05:31 - coconut oil, puto cheese, creamy white coffee, sliced bread
INFO:root:2023-11-23 18:05:31 - *****************************************
INFO:root:2023-11-23 18:05:31 - *****************************************
INFO:root:2023-11-23 18:05:31 - isSorting: True
INFO:root:2023-11-23 18:05:31 - SORTING PERFORMED....
INFO:root:2023-11-23 18:05:31 - *****************************************
INFO:root:2023-11-23 18:05:44 - Accepted connection from
INFO:root:2023-11-23 18:05:44 - ('127.0.0.1', 53377)
INFO:root:2023-11-23 18:05:44 - Thread 7068: Handling client connection.
INFO:root:2023-11-23 18:05:44 - Performing sorting with list:
INFO:root:2023-11-23 18:05:44 - mid^coconut oil/puto cheese,creamy white coffee,sliced bread
INFO:root:2023-11-23 18:05:44 - coconut oil/puto cheese,creamy white coffee,sliced bread
INFO:root:2023-11-23 18:05:44 - Compiled Data : True
INFO:root:2023-11-23 18:05:44 - item List = coconut oil, puto cheese, creamy white coffee, sliced bread
INFO:root:2023-11-23 18:05:44 - ++++++++++++++++++++++++++++++++++++++++++++++++++++++++
INFO:root:2023-11-23 18:05:44 - ['coconut oil', 'puto cheese', 'creamy white coffee', 'sliced bread']
INFO:root:2023-11-23 18:05:44 - puto cheese, creamy white coffee, sliced bread
INFO:root:2023-11-23 18:05:44 - *****************************************
INFO:root:2023-11-23 18:05:44 - *****************************************
INFO:root:2023-11-23 18:05:44 - isSorting: True
INFO:root:2023-11-23 18:05:44 - SORTING PERFORMED....
INFO:root:2023-11-23 18:05:44 - *****************************************
INFO:root:2023-11-23 18:05:57 - Accepted connection from
INFO:root:2023-11-23 18:05:57 - ('127.0.0.1', 53382)
INFO:root:2023-11-23 18:05:57 - Thread 7068: Handling client connection.
INFO:root:2023-11-23 18:05:57 - Performing sorting with list:
INFO:root:2023-11-23 18:05:57 - mid^puto cheese/creamy white coffee,sliced bread
INFO:root:2023-11-23 18:05:57 - puto cheese/creamy white coffee,sliced bread
INFO:root:2023-11-23 18:05:57 - Compiled Data : True
INFO:root:2023-11-23 18:05:57 - item List = puto cheese, creamy white coffee, sliced bread
INFO:root:2023-11-23 18:05:57 - ++++++++++++++++++++++++++++++++++++++++++++++++++++++++
INFO:root:2023-11-23 18:05:57 - ['puto cheese', 'creamy white coffee', 'sliced bread']
INFO:root:2023-11-23 18:05:57 - creamy white coffee, sliced bread
INFO:root:2023-11-23 18:05:57 - *****************************************
INFO:root:2023-11-23 18:05:57 - *****************************************
INFO:root:2023-11-23 18:05:57 - isSorting: True
INFO:root:2023-11-23 18:05:57 - SORTING PERFORMED....
INFO:root:2023-11-23 18:05:57 - *****************************************
INFO:root:2023-11-23 18:06:09 - Accepted connection from
INFO:root:2023-11-23 18:06:09 - ('127.0.0.1', 53387)
INFO:root:2023-11-23 18:06:09 - Thread 7068: Handling client connection.
INFO:root:2023-11-23 18:06:09 - Performing sorting with list:
INFO:root:2023-11-23 18:06:09 - end^sliced bread
INFO:root:2023-11-23 18:06:09 - sliced bread
INFO:root:2023-11-23 18:06:09 - Compiled Data : True
INFO:root:2023-11-23 18:06:09 - item List = sliced bread
INFO:root:2023-11-23 18:06:09 - ++++++++++++++++++++++++++++++++++++++++++++++++++++++++
INFO:root:2023-11-23 18:06:09 - sliced bread
INFO:root:2023-11-23 18:06:09 - *****************************************
INFO:root:2023-11-23 18:06:09 - *****************************************
INFO:root:2023-11-23 18:06:09 - isSorting: True
INFO:root:2023-11-23 18:06:09 - SORTING PERFORMED....
INFO:root:2023-11-23 18:06:09 - *****************************************
