INFO:root:2023-11-23 17:07:29 - Logs, logs, logs!
INFO:root:2023-11-23 17:07:30 - Server is listening on
INFO:root:2023-11-23 17:07:30 - ('localhost', 8080)
INFO:root:2023-11-23 17:08:17 - Accepted connection from
INFO:root:2023-11-23 17:08:17 - ('127.0.0.1', 50836)
INFO:root:2023-11-23 17:08:17 - Thread 10032: Handling client connection.
INFO:root:2023-11-23 17:08:17 - Performing cluster with directory:
INFO:root:2023-11-23 17:08:17 - C:/Users/Jake/Documents/SIMULATION_BUILD/GroceryStoreSimulator_Data
INFO:root:2023-11-23 17:08:17 - Compiling CSV
INFO:root:2023-11-23 17:08:17 - Accessing files in folder: C:/Users/Jake/Documents/SIMULATION_BUILD/GroceryStoreSimulator_Data\CSVRecordings
INFO:root:2023-11-23 17:08:17 - Done compiling CSV
INFO:root:2023-11-23 17:08:17 - --- 0.21611690521240234 seconds ---    || AFTER CSV READ
INFO:root:2023-11-23 17:08:17 - --- 0.25800466537475586 seconds ---    || AFTER SORTING
INFO:root:2023-11-23 17:08:17 - --- 0.6664013862609863 seconds ---    || AFTER INIT TIMEGAP
INFO:root:2023-11-23 17:08:25 - --- 8.282618522644043 seconds ---    || AFTER ADD TIMEGAP
INFO:root:2023-11-23 17:08:25 - --- 8.48906135559082 seconds ---    || AFTER TIMEGAP DICT
INFO:root:2023-11-23 17:08:26 - Accessing file in folder: C:/Users/Jake/Documents/SIMULATION_BUILD/GroceryStoreSimulator_Data\clusteredCSV
INFO:root:2023-11-23 17:08:26 - --- 9.041903018951416 seconds ---    || DONE...
INFO:root:2023-11-23 17:08:26 - Total Items: 554
INFO:root:2023-11-23 17:08:26 - Total Pairs: 153181
INFO:root:2023-11-23 17:08:26 - Total Shoppers: 8996
INFO:root:2023-11-23 17:08:26 - Total Clusters: 206
INFO:root:2023-11-23 17:08:26 - Clustering Done..
INFO:root:2023-11-23 17:08:26 - *****************************************
INFO:root:2023-11-23 17:08:26 - *****************************************
INFO:root:2023-11-23 17:08:26 - Costumer Count Reset to 0...
INFO:root:2023-11-23 17:08:28 - Accepted connection from
INFO:root:2023-11-23 17:08:28 - ('127.0.0.1', 50840)
INFO:root:2023-11-23 17:08:28 - Thread 10032: Handling client connection.
INFO:root:2023-11-23 17:08:28 - Performing sorting with list:
INFO:root:2023-11-23 17:08:28 - start^,sparkling water,fruit drink,paper cups,baby wipes,plastic plates,beef siomai frozen,basil leaves,cumin,bleach,canned pineapple,sotanghon,root beer,nori,,chicken,shabu sauce,dustpan,salad
INFO:root:2023-11-23 17:08:28 - Customer Number: 1
INFO:root:2023-11-23 17:08:28 - Compiled Data : True
INFO:root:2023-11-23 17:08:28 - item List = sparkling water fruit drink paper cups baby wipes plastic plates beef siomai frozen basil leaves cumin bleach canned pineapple sotanghon root beer nori chicken shabu sauce dustpan salad
INFO:root:2023-11-23 17:08:28 - ++++++++++++++++++++++++++++++++++++++++++++++++++++++++
INFO:root:2023-11-23 17:08:28 - ------------------------------------------------- start
