INFO:root:2023-11-24 16:53:28 - Logs, logs, logs!
INFO:root:2023-11-24 16:53:29 - Server is listening on
INFO:root:2023-11-24 16:53:29 - ('localhost', 8080)
INFO:root:2023-11-24 16:53:43 - Accepted connection from
INFO:root:2023-11-24 16:53:43 - ('127.0.0.1', 54781)
INFO:root:2023-11-24 16:53:43 - Thread 20524: Handling client connection.
INFO:root:2023-11-24 16:53:43 - Performing cluster with directory:
INFO:root:2023-11-24 16:53:43 - C:/Users/Jake/Documents/SCHOOL PC/GroceryStoreSimulator/Assets
INFO:root:2023-11-24 16:53:43 - Compiling CSV
INFO:root:2023-11-24 16:53:43 - Accessing files in folder: C:/Users/Jake/Documents/SCHOOL PC/GroceryStoreSimulator/Assets\CSVRecordings
INFO:root:2023-11-24 16:53:43 - Done compiling CSV
INFO:root:2023-11-24 16:53:43 - --- 0.003989219665527344 seconds ---    || AFTER CSV READ
INFO:root:2023-11-24 16:53:43 - --- 0.004987001419067383 seconds ---    || AFTER SORTING
INFO:root:2023-11-24 16:53:43 - --- 0.004987001419067383 seconds ---    || AFTER INIT TIMEGAP
INFO:root:2023-11-24 16:53:43 - --- 0.016954421997070312 seconds ---    || AFTER ADD TIMEGAP
INFO:root:2023-11-24 16:53:43 - --- 0.016954421997070312 seconds ---    || AFTER TIMEGAP DICT
INFO:root:2023-11-24 16:53:43 - Accessing file in folder: C:/Users/Jake/Documents/SCHOOL PC/GroceryStoreSimulator/Assets\clusteredCSV
INFO:root:2023-11-24 16:53:43 - --- 0.018949031829833984 seconds ---    || DONE...
INFO:root:2023-11-24 16:53:43 - ccccccccccc
INFO:root:2023-11-24 16:53:43 - dddddddddddddd
INFO:root:2023-11-24 16:53:43 - eeeeeeeeeeeeeee
