INFO:root:2023-11-24 17:42:32 - Logs, logs, logs!
INFO:root:2023-11-24 17:42:33 - Server is listening on
INFO:root:2023-11-24 17:42:33 - ('localhost', 8080)
INFO:root:2023-11-24 17:42:47 - Accepted connection from
INFO:root:2023-11-24 17:42:47 - ('127.0.0.1', 56309)
INFO:root:2023-11-24 17:42:47 - Thread 4200: Handling client connection.
INFO:root:2023-11-24 17:42:47 - Performing cluster with directory:
INFO:root:2023-11-24 17:42:47 - C:/Users/Jake/Documents/SCHOOL PC/GroceryStoreSimulator/Assets
INFO:root:2023-11-24 17:42:47 - Compiling CSV
INFO:root:2023-11-24 17:42:47 - Accessing files in folder: C:/Users/Jake/Documents/SCHOOL PC/GroceryStoreSimulator/Assets\CSVRecordings
INFO:root:2023-11-24 17:42:47 - Done compiling CSV
INFO:root:2023-11-24 17:42:47 - --- 0.009973287582397461 seconds ---    || AFTER CSV READ
INFO:root:2023-11-24 17:42:47 - --- 0.010970592498779297 seconds ---    || AFTER SORTING
INFO:root:2023-11-24 17:42:47 - --- 0.010970592498779297 seconds ---    || AFTER INIT TIMEGAP
INFO:root:2023-11-24 17:42:47 - --- 0.02293872833251953 seconds ---    || AFTER ADD TIMEGAP
INFO:root:2023-11-24 17:42:47 - --- 0.02293872833251953 seconds ---    || AFTER TIMEGAP DICT
INFO:root:2023-11-24 17:42:47 - Accessing file in folder: C:/Users/Jake/Documents/SCHOOL PC/GroceryStoreSimulator/Assets\clusteredCSV
INFO:root:2023-11-24 17:42:47 - --- 0.02593064308166504 seconds ---    || DONE...
INFO:root:2023-11-24 17:42:47 - Total Items: 20
INFO:root:2023-11-24 17:42:47 - Total Pairs: 190
INFO:root:2023-11-24 17:42:47 - Total Shoppers: 10
INFO:root:2023-11-24 17:42:47 - Total Clusters: 7
INFO:root:2023-11-24 17:42:47 - Clustering Done..
INFO:root:2023-11-24 17:42:47 - *****************************************
INFO:root:2023-11-24 17:42:47 - *****************************************
INFO:root:2023-11-24 17:42:47 - Costumer Count Reset to 0...
