INFO:root:2023-11-23 17:04:04 - Logs, logs, logs!
INFO:root:2023-11-23 17:04:04 - Server is listening on
INFO:root:2023-11-23 17:04:04 - ('localhost', 8080)
INFO:root:2023-11-23 17:05:00 - Accepted connection from
INFO:root:2023-11-23 17:05:00 - ('127.0.0.1', 50723)
INFO:root:2023-11-23 17:05:00 - Thread 16220: Handling client connection.
INFO:root:2023-11-23 17:05:00 - Performing cluster with directory:
INFO:root:2023-11-23 17:05:00 - C:/Users/Jake/Documents/SIMULATION_BUILD/GroceryStoreSimulator_Data
INFO:root:2023-11-23 17:05:00 - Compiling CSV
INFO:root:2023-11-23 17:05:00 - Accessing files in folder: C:/Users/Jake/Documents/SIMULATION_BUILD/GroceryStoreSimulator_Data\CSVRecordings
INFO:root:2023-11-23 17:05:00 - Done compiling CSV
INFO:root:2023-11-23 17:05:00 - --- 0.2159111499786377 seconds ---    || AFTER CSV READ
INFO:root:2023-11-23 17:05:00 - --- 0.25879597663879395 seconds ---    || AFTER SORTING
INFO:root:2023-11-23 17:05:00 - --- 0.6085536479949951 seconds ---    || AFTER INIT TIMEGAP
INFO:root:2023-11-23 17:05:08 - --- 7.940842866897583 seconds ---    || AFTER ADD TIMEGAP
INFO:root:2023-11-23 17:05:08 - --- 8.154272079467773 seconds ---    || AFTER TIMEGAP DICT
INFO:root:2023-11-23 17:05:08 - Accessing file in folder: C:/Users/Jake/Documents/SIMULATION_BUILD/GroceryStoreSimulator_Data\clusteredCSV
INFO:root:2023-11-23 17:05:08 - --- 8.717736005783081 seconds ---    || DONE...
INFO:root:2023-11-23 17:05:08 - Total Items: 554
INFO:root:2023-11-23 17:05:08 - Total Pairs: 153181
INFO:root:2023-11-23 17:05:08 - Total Shoppers: 8996
INFO:root:2023-11-23 17:05:08 - Total Clusters: 206
INFO:root:2023-11-23 17:05:08 - Clustering Done..
INFO:root:2023-11-23 17:05:08 - *****************************************
INFO:root:2023-11-23 17:05:08 - *****************************************
INFO:root:2023-11-23 17:05:08 - Costumer Count Reset to 0...
INFO:root:2023-11-23 17:05:11 - Accepted connection from
INFO:root:2023-11-23 17:05:11 - ('127.0.0.1', 50727)
INFO:root:2023-11-23 17:05:11 - Thread 16220: Handling client connection.
INFO:root:2023-11-23 17:05:11 - Performing sorting with list:
INFO:root:2023-11-23 17:05:11 - start^nori,root beer,sotanghon,cumin,chicken,dustpan,,shabu sauce,fruit drink,,sparkling water,plastic plates,bleach,baby wipes,salad,beef siomai frozen,basil leaves,paper cups,canned pineapple
INFO:root:2023-11-23 17:05:11 - Customer Number: 1
INFO:root:2023-11-23 17:05:11 - Compiled Data : True
INFO:root:2023-11-23 17:05:11 - item List = nori root beer sotanghon cumin chicken dustpan shabu sauce fruit drink sparkling water plastic plates bleach baby wipes salad beef siomai frozen basil leaves paper cups canned pineapple
INFO:root:2023-11-23 17:05:11 - ++++++++++++++++++++++++++++++++++++++++++++++++++++++++
INFO:root:2023-11-23 17:05:11 - -------------------------------------------------
