INFO:root:2023-11-23 17:43:01 - Logs, logs, logs!
INFO:root:2023-11-23 17:43:01 - Server is listening on
INFO:root:2023-11-23 17:43:01 - ('localhost', 8080)
INFO:root:2023-11-23 17:43:15 - Accepted connection from
INFO:root:2023-11-23 17:43:15 - ('127.0.0.1', 52713)
INFO:root:2023-11-23 17:43:15 - Thread 14012: Handling client connection.
INFO:root:2023-11-23 17:43:15 - Performing cluster with directory:
INFO:root:2023-11-23 17:43:15 - C:/Users/Jake/Documents/SIMULATION_BUILD/GroceryStoreSimulator_Data
INFO:root:2023-11-23 17:43:15 - Compiling CSV
INFO:root:2023-11-23 17:43:15 - Accessing files in folder: C:/Users/Jake/Documents/SIMULATION_BUILD/GroceryStoreSimulator_Data\CSVRecordings
INFO:root:2023-11-23 17:43:16 - Done compiling CSV
INFO:root:2023-11-23 17:43:16 - --- 0.2167196273803711 seconds ---    || AFTER CSV READ
INFO:root:2023-11-23 17:43:16 - --- 0.25960540771484375 seconds ---    || AFTER SORTING
INFO:root:2023-11-23 17:43:16 - --- 0.6776084899902344 seconds ---    || AFTER INIT TIMEGAP
INFO:root:2023-11-23 17:43:24 - --- 8.504061698913574 seconds ---    || AFTER ADD TIMEGAP
INFO:root:2023-11-23 17:43:24 - --- 8.71293568611145 seconds ---    || AFTER TIMEGAP DICT
INFO:root:2023-11-23 17:43:25 - Accessing file in folder: C:/Users/Jake/Documents/SIMULATION_BUILD/GroceryStoreSimulator_Data\clusteredCSV
INFO:root:2023-11-23 17:43:25 - --- 9.278423070907593 seconds ---    || DONE...
INFO:root:2023-11-23 17:43:25 - Total Items: 554
INFO:root:2023-11-23 17:43:25 - Total Pairs: 153181
INFO:root:2023-11-23 17:43:25 - Total Shoppers: 8996
INFO:root:2023-11-23 17:43:25 - Total Clusters: 206
INFO:root:2023-11-23 17:43:25 - Clustering Done..
INFO:root:2023-11-23 17:43:25 - *****************************************
INFO:root:2023-11-23 17:43:25 - *****************************************
INFO:root:2023-11-23 17:43:25 - Costumer Count Reset to 0...
INFO:root:2023-11-23 17:43:27 - Accepted connection from
INFO:root:2023-11-23 17:43:27 - ('127.0.0.1', 52718)
INFO:root:2023-11-23 17:43:27 - Thread 14012: Handling client connection.
INFO:root:2023-11-23 17:43:27 - Performing sorting with list:
INFO:root:2023-11-23 17:43:27 - start^cumin,canned pineapple,bleach,beef siomai frozen,dustpan,,root beer,plastic plates,baby wipes,chicken,nori,fruit drink,,shabu sauce,sotanghon,sparkling water,paper cups,salad,basil leaves
INFO:root:2023-11-23 17:43:27 - cumin,canned pineapple,bleach,beef siomai frozen,dustpan,,root beer,plastic plates,baby wipes,chicken,nori,fruit drink,,shabu sauce,sotanghon,sparkling water,paper cups,salad,basil leaves
INFO:root:2023-11-23 17:43:27 - Customer Number: 1
INFO:root:2023-11-23 17:43:27 - None,cumin,canned pineapple,bleach,beef siomai frozen,dustpan,,root beer,plastic plates,baby wipes,chicken,nori,fruit drink,,shabu sauce,sotanghon,sparkling water,paper cups,salad,basil leaves
INFO:root:2023-11-23 17:43:27 - Compiled Data : True
INFO:root:2023-11-23 17:43:27 - item List = cumin, canned pineapple, bleach, beef siomai frozen, dustpan, root beer, plastic plates, baby wipes, chicken, nori, fruit drink, shabu sauce, sotanghon, sparkling water, paper cups, salad, basil leaves
INFO:root:2023-11-23 17:43:27 - ++++++++++++++++++++++++++++++++++++++++++++++++++++++++
INFO:root:2023-11-23 17:43:27 - -^^^^^^^^^^^^^^^^^^^^^^^^^^^^^^^^^-- start
INFO:root:2023-11-23 17:43:27 - None ||| ['cumin', 'canned pineapple', 'bleach', 'beef siomai frozen', 'dustpan', 'root beer', 'plastic plates', 'baby wipes', 'chicken', 'nori', 'fruit drink', 'shabu sauce', 'sotanghon', 'sparkling water', 'paper cups', 'salad', 'basil leaves'] |||
INFO:root:2023-11-23 17:43:27 - ooooooooooooooooooo
