INFO:root:2023-11-23 17:40:48 - Logs, logs, logs!
INFO:root:2023-11-23 17:40:49 - Server is listening on
INFO:root:2023-11-23 17:40:49 - ('localhost', 8080)
INFO:root:2023-11-23 17:41:25 - Accepted connection from
INFO:root:2023-11-23 17:41:25 - ('127.0.0.1', 52663)
INFO:root:2023-11-23 17:41:25 - Thread 18968: Handling client connection.
INFO:root:2023-11-23 17:41:25 - Performing cluster with directory:
INFO:root:2023-11-23 17:41:25 - C:/Users/Jake/Documents/SIMULATION_BUILD/GroceryStoreSimulator_Data
INFO:root:2023-11-23 17:41:25 - Compiling CSV
INFO:root:2023-11-23 17:41:25 - Accessing files in folder: C:/Users/Jake/Documents/SIMULATION_BUILD/GroceryStoreSimulator_Data\CSVRecordings
INFO:root:2023-11-23 17:41:25 - Done compiling CSV
INFO:root:2023-11-23 17:41:25 - --- 0.21465468406677246 seconds ---    || AFTER CSV READ
INFO:root:2023-11-23 17:41:25 - --- 0.2575395107269287 seconds ---    || AFTER SORTING
INFO:root:2023-11-23 17:41:25 - --- 0.6113016605377197 seconds ---    || AFTER INIT TIMEGAP
INFO:root:2023-11-23 17:41:33 - --- 8.097964525222778 seconds ---    || AFTER ADD TIMEGAP
INFO:root:2023-11-23 17:41:33 - --- 8.284461259841919 seconds ---    || AFTER TIMEGAP DICT
INFO:root:2023-11-23 17:41:33 - Accessing file in folder: C:/Users/Jake/Documents/SIMULATION_BUILD/GroceryStoreSimulator_Data\clusteredCSV
INFO:root:2023-11-23 17:41:33 - --- 8.804069995880127 seconds ---    || DONE...
INFO:root:2023-11-23 17:41:33 - Total Items: 554
INFO:root:2023-11-23 17:41:33 - Total Pairs: 153181
INFO:root:2023-11-23 17:41:33 - Total Shoppers: 8996
INFO:root:2023-11-23 17:41:33 - Total Clusters: 206
INFO:root:2023-11-23 17:41:33 - Clustering Done..
INFO:root:2023-11-23 17:41:33 - *****************************************
INFO:root:2023-11-23 17:41:33 - *****************************************
INFO:root:2023-11-23 17:41:33 - Costumer Count Reset to 0...
INFO:root:2023-11-23 17:41:36 - Accepted connection from
INFO:root:2023-11-23 17:41:36 - ('127.0.0.1', 52668)
INFO:root:2023-11-23 17:41:36 - Thread 18968: Handling client connection.
INFO:root:2023-11-23 17:41:36 - Performing sorting with list:
INFO:root:2023-11-23 17:41:36 - start^dustpan,beef siomai frozen,,basil leaves,salad,paper cups,chicken,sparkling water,sotanghon,,cumin,bleach,shabu sauce,root beer,fruit drink,baby wipes,plastic plates,nori,canned pineapple
INFO:root:2023-11-23 17:41:36 - dustpan,beef siomai frozen,,basil leaves,salad,paper cups,chicken,sparkling water,sotanghon,,cumin,bleach,shabu sauce,root beer,fruit drink,baby wipes,plastic plates,nori,canned pineapple
INFO:root:2023-11-23 17:41:36 - Customer Number: 1
