INFO:root:2023-11-23 17:35:15 - Logs, logs, logs!
INFO:root:2023-11-23 17:35:15 - Server is listening on
INFO:root:2023-11-23 17:35:15 - ('localhost', 8080)
INFO:root:2023-11-23 17:35:30 - Accepted connection from
INFO:root:2023-11-23 17:35:30 - ('127.0.0.1', 52382)
INFO:root:2023-11-23 17:35:30 - Thread 20956: Handling client connection.
INFO:root:2023-11-23 17:35:30 - Performing cluster with directory:
INFO:root:2023-11-23 17:35:30 - C:/Users/Jake/Documents/SIMULATION_BUILD/GroceryStoreSimulator_Data
INFO:root:2023-11-23 17:35:30 - Compiling CSV
INFO:root:2023-11-23 17:35:30 - Accessing files in folder: C:/Users/Jake/Documents/SIMULATION_BUILD/GroceryStoreSimulator_Data\CSVRecordings
INFO:root:2023-11-23 17:35:30 - Done compiling CSV
INFO:root:2023-11-23 17:35:30 - --- 0.21450257301330566 seconds ---    || AFTER CSV READ
INFO:root:2023-11-23 17:35:30 - --- 0.25838494300842285 seconds ---    || AFTER SORTING
INFO:root:2023-11-23 17:35:31 - --- 0.6103231906890869 seconds ---    || AFTER INIT TIMEGAP
INFO:root:2023-11-23 17:35:38 - --- 8.323625564575195 seconds ---    || AFTER ADD TIMEGAP
INFO:root:2023-11-23 17:35:39 - --- 8.557713985443115 seconds ---    || AFTER TIMEGAP DICT
INFO:root:2023-11-23 17:35:39 - Accessing file in folder: C:/Users/Jake/Documents/SIMULATION_BUILD/GroceryStoreSimulator_Data\clusteredCSV
INFO:root:2023-11-23 17:35:39 - --- 9.12420105934143 seconds ---    || DONE...
INFO:root:2023-11-23 17:35:39 - Total Items: 554
INFO:root:2023-11-23 17:35:39 - Total Pairs: 153181
INFO:root:2023-11-23 17:35:39 - Total Shoppers: 8996
INFO:root:2023-11-23 17:35:39 - Total Clusters: 206
INFO:root:2023-11-23 17:35:39 - Clustering Done..
INFO:root:2023-11-23 17:35:39 - *****************************************
INFO:root:2023-11-23 17:35:39 - *****************************************
INFO:root:2023-11-23 17:35:39 - Costumer Count Reset to 0...
INFO:root:2023-11-23 17:35:42 - Accepted connection from
INFO:root:2023-11-23 17:35:42 - ('127.0.0.1', 52386)
INFO:root:2023-11-23 17:35:42 - Thread 20956: Handling client connection.
INFO:root:2023-11-23 17:35:42 - Performing sorting with list:
INFO:root:2023-11-23 17:35:42 - start^beef siomai frozen,sparkling water,basil leaves,fruit drink,plastic plates,baby wipes,canned pineapple,paper cups,root beer,shabu sauce,cumin,,dustpan,,chicken,nori,bleach,salad,sotanghon
INFO:root:2023-11-23 17:35:42 - beef siomai frozen,sparkling water,basil leaves,fruit drink,plastic plates,baby wipes,canned pineapple,paper cups,root beer,shabu sauce,cumin,,dustpan,,chicken,nori,bleach,salad,sotanghon
INFO:root:2023-11-23 17:35:42 - Customer Number: 1
