INFO:root:2023-11-23 17:38:50 - Logs, logs, logs!
INFO:root:2023-11-23 17:38:51 - Server is listening on
INFO:root:2023-11-23 17:38:51 - ('localhost', 8080)
INFO:root:2023-11-23 17:39:02 - Accepted connection from
INFO:root:2023-11-23 17:39:02 - ('127.0.0.1', 52598)
INFO:root:2023-11-23 17:39:02 - Thread 23336: Handling client connection.
INFO:root:2023-11-23 17:39:02 - Performing cluster with directory:
INFO:root:2023-11-23 17:39:02 - C:/Users/Jake/Documents/SIMULATION_BUILD/GroceryStoreSimulator_Data
INFO:root:2023-11-23 17:39:02 - Compiling CSV
INFO:root:2023-11-23 17:39:02 - Accessing files in folder: C:/Users/Jake/Documents/SIMULATION_BUILD/GroceryStoreSimulator_Data\CSVRecordings
INFO:root:2023-11-23 17:39:03 - Done compiling CSV
INFO:root:2023-11-23 17:39:03 - --- 0.22079896926879883 seconds ---    || AFTER CSV READ
INFO:root:2023-11-23 17:39:03 - --- 0.2636842727661133 seconds ---    || AFTER SORTING
INFO:root:2023-11-23 17:39:03 - --- 0.6314351558685303 seconds ---    || AFTER INIT TIMEGAP
INFO:root:2023-11-23 17:39:11 - --- 8.58381175994873 seconds ---    || AFTER ADD TIMEGAP
INFO:root:2023-11-23 17:39:11 - --- 8.791257858276367 seconds ---    || AFTER TIMEGAP DICT
INFO:root:2023-11-23 17:39:12 - Accessing file in folder: C:/Users/Jake/Documents/SIMULATION_BUILD/GroceryStoreSimulator_Data\clusteredCSV
INFO:root:2023-11-23 17:39:12 - --- 9.384314775466919 seconds ---    || DONE...
INFO:root:2023-11-23 17:39:12 - Total Items: 554
INFO:root:2023-11-23 17:39:12 - Total Pairs: 153181
INFO:root:2023-11-23 17:39:12 - Total Shoppers: 8996
INFO:root:2023-11-23 17:39:12 - Total Clusters: 206
INFO:root:2023-11-23 17:39:12 - Clustering Done..
INFO:root:2023-11-23 17:39:12 - *****************************************
INFO:root:2023-11-23 17:39:12 - *****************************************
INFO:root:2023-11-23 17:39:12 - Costumer Count Reset to 0...
INFO:root:2023-11-23 17:39:14 - Accepted connection from
INFO:root:2023-11-23 17:39:14 - ('127.0.0.1', 52605)
INFO:root:2023-11-23 17:39:14 - Thread 23336: Handling client connection.
INFO:root:2023-11-23 17:39:14 - Performing sorting with list:
INFO:root:2023-11-23 17:39:14 - start^dustpan,fruit drink,baby wipes,basil leaves,nori,sparkling water,root beer,cumin,,plastic plates,paper cups,shabu sauce,beef siomai frozen,sotanghon,chicken,,bleach,salad,canned pineapple
INFO:root:2023-11-23 17:39:14 - dustpan,fruit drink,baby wipes,basil leaves,nori,sparkling water,root beer,cumin,,plastic plates,paper cups,shabu sauce,beef siomai frozen,sotanghon,chicken,,bleach,salad,canned pineapple
INFO:root:2023-11-23 17:39:14 - Customer Number: 1
