INFO:root:2023-11-23 16:19:35 - Logs, logs, logs!
INFO:root:2023-11-23 16:19:37 - Server is listening on
INFO:root:2023-11-23 16:19:37 - ('localhost', 8080)
INFO:root:2023-11-23 16:21:09 - Accepted connection from
INFO:root:2023-11-23 16:21:09 - ('127.0.0.1', 49618)
INFO:root:2023-11-23 16:21:09 - Thread 14456: Handling client connection.
INFO:root:2023-11-23 16:21:09 - Performing cluster with directory:
INFO:root:2023-11-23 16:21:09 - C:/Users/Jake/Documents/SIMULATION_BUILD/GroceryStoreSimulator_Data
INFO:root:2023-11-23 16:21:09 - Compiling CSV
INFO:root:2023-11-23 16:21:09 - Accessing files in folder: C:/Users/Jake/Documents/SIMULATION_BUILD/GroceryStoreSimulator_Data\CSVRecordings
INFO:root:2023-11-23 16:21:09 - Done compiling CSV
INFO:root:2023-11-23 16:21:09 - --- 0.10598373413085938 seconds ---    || AFTER CSV READ
INFO:root:2023-11-23 16:21:09 - --- 0.12593698501586914 seconds ---    || AFTER SORTING
INFO:root:2023-11-23 16:21:09 - --- 0.5074996948242188 seconds ---    || AFTER INIT TIMEGAP
INFO:root:2023-11-23 16:21:10 - --- 1.3234310150146484 seconds ---    || AFTER ADD TIMEGAP
INFO:root:2023-11-23 16:21:10 - --- 1.4790148735046387 seconds ---    || AFTER TIMEGAP DICT
INFO:root:2023-11-23 16:21:11 - Accessing file in folder: C:/Users/Jake/Documents/SIMULATION_BUILD/GroceryStoreSimulator_Data\clusteredCSV
INFO:root:2023-11-23 16:21:11 - --- 2.1863465309143066 seconds ---    || DONE...
INFO:root:2023-11-23 16:21:11 - Total Items: 554
INFO:root:2023-11-23 16:21:11 - Total Pairs: 153181
INFO:root:2023-11-23 16:21:11 - Total Shoppers: 905
INFO:root:2023-11-23 16:21:11 - Total Clusters: 279
INFO:root:2023-11-23 16:21:11 - Clustering Done..
INFO:root:2023-11-23 16:21:11 - *****************************************
INFO:root:2023-11-23 16:21:11 - *****************************************
INFO:root:2023-11-23 16:21:11 - Costumer Count Reset to 0...
INFO:root:2023-11-23 16:21:13 - Accepted connection from
INFO:root:2023-11-23 16:21:13 - ('127.0.0.1', 49626)
INFO:root:2023-11-23 16:21:13 - Thread 14456: Handling client connection.
INFO:root:2023-11-23 16:21:13 - Performing sorting with list:
INFO:root:2023-11-23 16:21:13 - start^,shave,soy milk drink strawberry flavor,soy sauce,hair conditioner,,milo,red onion,liquid soap,brown coffee mix,rosquillos,rice stick,potato strings
INFO:root:2023-11-23 16:21:13 - Customer Number: 1
INFO:root:2023-11-23 16:21:13 - #################NOT SORTING######################
INFO:root:2023-11-23 16:21:13 - ['shave', 'soy milk drink strawberry flavor', 'soy sauce', 'hair conditioner', 'milo', 'red onion', 'liquid soap', 'brown coffee mix', 'rosquillos', 'rice stick', 'potato strings']
INFO:root:2023-11-23 16:21:13 - shave, soy milk drink strawberry flavor, soy sauce, hair conditioner, milo, red onion, liquid soap, brown coffee mix, rosquillos, rice stick, potato strings
INFO:root:2023-11-23 16:21:13 - ################################################
