INFO:root:2023-11-26 09:48:56 - Logs, logs, logs!
INFO:matplotlib.font_manager:generated new fontManager
INFO:root:2023-11-26 09:48:57 - Server is listening on
INFO:root:2023-11-26 09:48:57 - ('localhost', 8080)
INFO:root:2023-11-26 09:49:05 - Accepted connection from
INFO:root:2023-11-26 09:49:05 - ('127.0.0.1', 59043)
INFO:root:2023-11-26 09:49:05 - Thread 13932: Handling client connection.
INFO:root:2023-11-26 09:49:07 - Accepted connection from
INFO:root:2023-11-26 09:49:07 - ('127.0.0.1', 59045)
INFO:root:2023-11-26 09:49:07 - Thread 13932: Handling client connection.
INFO:root:2023-11-26 09:49:07 - Performing clustering 0 with directory: C:/Users/Jake/Desktop/LASTTTTTTTTTTTTTT/SimulationBuild/GroceryStoreSimulator_Data
INFO:root:2023-11-26 09:49:07 - Compiling CSV
INFO:root:2023-11-26 09:49:07 - Accessing files in folder: C:/Users/Jake/Desktop/LASTTTTTTTTTTTTTT/SimulationBuild/GroceryStoreSimulator_Data\CSVRecordings
INFO:root:2023-11-26 09:49:07 - Done compiling CSV
INFO:root:2023-11-26 09:49:07 - No data collected yet...
INFO:root:2023-11-26 09:49:07 - Total Items: 0
INFO:root:2023-11-26 09:49:07 - Total Pairs: 0
INFO:root:2023-11-26 09:49:07 - Total Shoppers: 0
INFO:root:2023-11-26 09:49:07 - Total Clusters: 0
INFO:root:2023-11-26 09:49:07 - Clustering Done..
INFO:root:2023-11-26 09:49:07 - *****************************************
INFO:root:2023-11-26 09:49:07 - *****************************************
INFO:root:2023-11-26 09:49:09 - Accepted connection from
INFO:root:2023-11-26 09:49:09 - ('127.0.0.1', 59047)
INFO:root:2023-11-26 09:49:09 - Thread 13932: Handling client connection.
INFO:root:2023-11-26 09:49:09 - Performing sorting with list:
INFO:root:2023-11-26 09:49:09 - start^1/cloves,watermelon,blueberries,breakfast cereal,vanilla cake bar,cheddar spread
INFO:root:2023-11-26 09:49:09 - Costumer Count: 1
INFO:root:2023-11-26 09:49:09 - #################NOT SORTING######################
INFO:root:2023-11-26 09:49:09 - ['cloves', 'watermelon', 'blueberries', 'breakfast cereal', 'vanilla cake bar', 'cheddar spread']
INFO:root:2023-11-26 09:49:09 - cloves, watermelon, blueberries, breakfast cereal, vanilla cake bar, cheddar spread
INFO:root:2023-11-26 09:49:09 - ################################################
INFO:root:2023-11-26 09:49:09 - ['cloves', 'watermelon', 'blueberries', 'breakfast cereal', 'vanilla cake bar', 'cheddar spread']
INFO:root:2023-11-26 09:49:09 - Values appended to C:/Users/Jake/Desktop/LASTTTTTTTTTTTTTT/SimulationBuild/GroceryStoreSimulator_Data\Server Data Files\Sort_Time\sortTime_20231126_094909.csv successfully.
INFO:root:2023-11-26 09:49:09 - Customer Number: 1 Sort time: 52500 nanoseconds
INFO:root:2023-11-26 09:49:09 - cloves, watermelon, blueberries, breakfast cereal, vanilla cake bar, cheddar spread
INFO:root:2023-11-26 09:49:09 - *****************************************
INFO:root:2023-11-26 09:49:09 - *****************************************
INFO:root:2023-11-26 09:49:09 - isSorting: False
INFO:root:2023-11-26 09:49:09 - SORTING NOT PERFORMED.... :( :( :(
INFO:root:2023-11-26 09:49:09 - *****************************************
INFO:root:2023-11-26 09:49:24 - Accepted connection from
INFO:root:2023-11-26 09:49:24 - ('127.0.0.1', 59052)
INFO:root:2023-11-26 09:49:24 - Thread 13932: Handling client connection.
INFO:root:2023-11-26 09:49:24 - Performing sorting with list:
INFO:root:2023-11-26 09:49:24 - mid^breakfast cereal/cloves,watermelon,blueberries,vanilla cake bar,cheddar spread
INFO:root:2023-11-26 09:49:24 - #################NOT SORTING######################
INFO:root:2023-11-26 09:49:24 - ['breakfast cereal', 'cloves', 'watermelon', 'blueberries', 'vanilla cake bar', 'cheddar spread']
INFO:root:2023-11-26 09:49:24 - cloves, watermelon, blueberries, vanilla cake bar, cheddar spread
INFO:root:2023-11-26 09:49:24 - ################################################
INFO:root:2023-11-26 09:49:24 - ['breakfast cereal', 'cloves', 'watermelon', 'blueberries', 'vanilla cake bar', 'cheddar spread']
INFO:root:2023-11-26 09:49:24 - cloves, watermelon, blueberries, vanilla cake bar, cheddar spread
INFO:root:2023-11-26 09:49:24 - *****************************************
INFO:root:2023-11-26 09:49:24 - *****************************************
INFO:root:2023-11-26 09:49:24 - isSorting: False
INFO:root:2023-11-26 09:49:24 - SORTING NOT PERFORMED.... :( :( :(
INFO:root:2023-11-26 09:49:24 - *****************************************
INFO:root:2023-11-26 09:49:37 - Accepted connection from
INFO:root:2023-11-26 09:49:37 - ('127.0.0.1', 59059)
INFO:root:2023-11-26 09:49:37 - Thread 13932: Handling client connection.
INFO:root:2023-11-26 09:49:37 - Performing sorting with list:
INFO:root:2023-11-26 09:49:37 - mid^vanilla cake bar/cloves,watermelon,blueberries,cheddar spread
INFO:root:2023-11-26 09:49:37 - #################NOT SORTING######################
INFO:root:2023-11-26 09:49:37 - ['vanilla cake bar', 'cloves', 'watermelon', 'blueberries', 'cheddar spread']
INFO:root:2023-11-26 09:49:37 - cloves, watermelon, blueberries, cheddar spread
INFO:root:2023-11-26 09:49:37 - ################################################
INFO:root:2023-11-26 09:49:37 - ['vanilla cake bar', 'cloves', 'watermelon', 'blueberries', 'cheddar spread']
INFO:root:2023-11-26 09:49:37 - cloves, watermelon, blueberries, cheddar spread
INFO:root:2023-11-26 09:49:37 - *****************************************
INFO:root:2023-11-26 09:49:37 - *****************************************
INFO:root:2023-11-26 09:49:37 - isSorting: False
INFO:root:2023-11-26 09:49:37 - SORTING NOT PERFORMED.... :( :( :(
INFO:root:2023-11-26 09:49:37 - *****************************************
INFO:root:2023-11-26 09:49:49 - Accepted connection from
INFO:root:2023-11-26 09:49:49 - ('127.0.0.1', 59067)
INFO:root:2023-11-26 09:49:49 - Thread 13932: Handling client connection.
INFO:root:2023-11-26 09:49:49 - Performing sorting with list:
INFO:root:2023-11-26 09:49:49 - mid^cheddar spread/cloves,watermelon,blueberries
INFO:root:2023-11-26 09:49:49 - #################NOT SORTING######################
INFO:root:2023-11-26 09:49:49 - ['cheddar spread', 'cloves', 'watermelon', 'blueberries']
INFO:root:2023-11-26 09:49:49 - cloves, watermelon, blueberries
INFO:root:2023-11-26 09:49:49 - ################################################
INFO:root:2023-11-26 09:49:49 - ['cheddar spread', 'cloves', 'watermelon', 'blueberries']
INFO:root:2023-11-26 09:49:49 - cloves, watermelon, blueberries
INFO:root:2023-11-26 09:49:49 - *****************************************
INFO:root:2023-11-26 09:49:49 - *****************************************
INFO:root:2023-11-26 09:49:49 - isSorting: False
INFO:root:2023-11-26 09:49:49 - SORTING NOT PERFORMED.... :( :( :(
INFO:root:2023-11-26 09:49:49 - *****************************************
INFO:root:2023-11-26 09:50:02 - Accepted connection from
INFO:root:2023-11-26 09:50:02 - ('127.0.0.1', 59069)
INFO:root:2023-11-26 09:50:02 - Thread 13932: Handling client connection.
INFO:root:2023-11-26 09:50:02 - Performing sorting with list:
INFO:root:2023-11-26 09:50:02 - mid^cloves/watermelon,blueberries
INFO:root:2023-11-26 09:50:02 - #################NOT SORTING######################
INFO:root:2023-11-26 09:50:02 - ['cloves', 'watermelon', 'blueberries']
INFO:root:2023-11-26 09:50:02 - watermelon, blueberries
INFO:root:2023-11-26 09:50:02 - ################################################
INFO:root:2023-11-26 09:50:02 - ['cloves', 'watermelon', 'blueberries']
INFO:root:2023-11-26 09:50:02 - watermelon, blueberries
INFO:root:2023-11-26 09:50:02 - *****************************************
INFO:root:2023-11-26 09:50:02 - *****************************************
INFO:root:2023-11-26 09:50:02 - isSorting: False
INFO:root:2023-11-26 09:50:02 - SORTING NOT PERFORMED.... :( :( :(
INFO:root:2023-11-26 09:50:02 - *****************************************
INFO:root:2023-11-26 09:50:15 - Accepted connection from
INFO:root:2023-11-26 09:50:15 - ('127.0.0.1', 59071)
INFO:root:2023-11-26 09:50:15 - Thread 13932: Handling client connection.
INFO:root:2023-11-26 09:50:15 - Performing sorting with list:
INFO:root:2023-11-26 09:50:15 - end^blueberries
INFO:root:2023-11-26 09:50:15 - #################NOT SORTING######################
INFO:root:2023-11-26 09:50:15 - ['blueberries']
INFO:root:2023-11-26 09:50:15 - blueberries
INFO:root:2023-11-26 09:50:15 - ################################################
INFO:root:2023-11-26 09:50:15 - blueberries
INFO:root:2023-11-26 09:50:15 - *****************************************
INFO:root:2023-11-26 09:50:15 - *****************************************
INFO:root:2023-11-26 09:50:15 - isSorting: False
INFO:root:2023-11-26 09:50:15 - SORTING NOT PERFORMED.... :( :( :(
INFO:root:2023-11-26 09:50:15 - *****************************************
INFO:root:2023-11-26 09:50:29 - Accepted connection from
INFO:root:2023-11-26 09:50:29 - ('127.0.0.1', 59078)
INFO:root:2023-11-26 09:50:29 - Thread 13932: Handling client connection.
INFO:root:2023-11-26 09:50:29 - Performing sorting with list:
INFO:root:2023-11-26 09:50:29 - start^2/cocoa powder,soy milk drink strawberry flavor,cheddar spread,white cheese,rice stick
INFO:root:2023-11-26 09:50:29 - Costumer Count: 2
INFO:root:2023-11-26 09:50:29 - #################NOT SORTING######################
INFO:root:2023-11-26 09:50:29 - ['cocoa powder', 'soy milk drink strawberry flavor', 'cheddar spread', 'white cheese', 'rice stick']
INFO:root:2023-11-26 09:50:29 - cocoa powder, soy milk drink strawberry flavor, cheddar spread, white cheese, rice stick
INFO:root:2023-11-26 09:50:29 - ################################################
INFO:root:2023-11-26 09:50:29 - ['cocoa powder', 'soy milk drink strawberry flavor', 'cheddar spread', 'white cheese', 'rice stick']
INFO:root:2023-11-26 09:50:29 - Values appended to C:/Users/Jake/Desktop/LASTTTTTTTTTTTTTT/SimulationBuild/GroceryStoreSimulator_Data\Server Data Files\Sort_Time\sortTime_20231126_094909.csv successfully.
INFO:root:2023-11-26 09:50:29 - Customer Number: 2 Sort time: 41700 nanoseconds
INFO:root:2023-11-26 09:50:29 - cocoa powder, soy milk drink strawberry flavor, cheddar spread, white cheese, rice stick
INFO:root:2023-11-26 09:50:29 - *****************************************
INFO:root:2023-11-26 09:50:29 - *****************************************
INFO:root:2023-11-26 09:50:29 - isSorting: False
INFO:root:2023-11-26 09:50:29 - SORTING NOT PERFORMED.... :( :( :(
INFO:root:2023-11-26 09:50:29 - *****************************************
INFO:root:2023-11-26 09:50:41 - Accepted connection from
INFO:root:2023-11-26 09:50:41 - ('127.0.0.1', 59083)
INFO:root:2023-11-26 09:50:41 - Thread 13932: Handling client connection.
INFO:root:2023-11-26 09:50:41 - Performing sorting with list:
INFO:root:2023-11-26 09:50:41 - mid^cocoa powder/soy milk drink strawberry flavor,cheddar spread,white cheese,rice stick
INFO:root:2023-11-26 09:50:41 - #################NOT SORTING######################
INFO:root:2023-11-26 09:50:41 - ['cocoa powder', 'soy milk drink strawberry flavor', 'cheddar spread', 'white cheese', 'rice stick']
INFO:root:2023-11-26 09:50:41 - soy milk drink strawberry flavor, cheddar spread, white cheese, rice stick
INFO:root:2023-11-26 09:50:41 - ################################################
INFO:root:2023-11-26 09:50:41 - ['cocoa powder', 'soy milk drink strawberry flavor', 'cheddar spread', 'white cheese', 'rice stick']
INFO:root:2023-11-26 09:50:41 - soy milk drink strawberry flavor, cheddar spread, white cheese, rice stick
INFO:root:2023-11-26 09:50:41 - *****************************************
INFO:root:2023-11-26 09:50:41 - *****************************************
INFO:root:2023-11-26 09:50:41 - isSorting: False
INFO:root:2023-11-26 09:50:41 - SORTING NOT PERFORMED.... :( :( :(
INFO:root:2023-11-26 09:50:41 - *****************************************
INFO:root:2023-11-26 09:50:53 - Accepted connection from
INFO:root:2023-11-26 09:50:53 - ('127.0.0.1', 59088)
INFO:root:2023-11-26 09:50:53 - Thread 13932: Handling client connection.
INFO:root:2023-11-26 09:50:53 - Performing sorting with list:
INFO:root:2023-11-26 09:50:53 - mid^rice stick/soy milk drink strawberry flavor,cheddar spread,white cheese
INFO:root:2023-11-26 09:50:53 - #################NOT SORTING######################
INFO:root:2023-11-26 09:50:53 - ['rice stick', 'soy milk drink strawberry flavor', 'cheddar spread', 'white cheese']
INFO:root:2023-11-26 09:50:53 - soy milk drink strawberry flavor, cheddar spread, white cheese
INFO:root:2023-11-26 09:50:53 - ################################################
INFO:root:2023-11-26 09:50:53 - ['rice stick', 'soy milk drink strawberry flavor', 'cheddar spread', 'white cheese']
INFO:root:2023-11-26 09:50:53 - soy milk drink strawberry flavor, cheddar spread, white cheese
INFO:root:2023-11-26 09:50:53 - *****************************************
INFO:root:2023-11-26 09:50:53 - *****************************************
INFO:root:2023-11-26 09:50:53 - isSorting: False
INFO:root:2023-11-26 09:50:53 - SORTING NOT PERFORMED.... :( :( :(
INFO:root:2023-11-26 09:50:53 - *****************************************
INFO:root:2023-11-26 09:51:06 - Accepted connection from
INFO:root:2023-11-26 09:51:06 - ('127.0.0.1', 59090)
INFO:root:2023-11-26 09:51:06 - Thread 13932: Handling client connection.
INFO:root:2023-11-26 09:51:06 - Performing sorting with list:
INFO:root:2023-11-26 09:51:06 - mid^soy milk drink strawberry flavor/cheddar spread,white cheese
INFO:root:2023-11-26 09:51:06 - #################NOT SORTING######################
INFO:root:2023-11-26 09:51:06 - ['soy milk drink strawberry flavor', 'cheddar spread', 'white cheese']
INFO:root:2023-11-26 09:51:06 - cheddar spread, white cheese
INFO:root:2023-11-26 09:51:06 - ################################################
INFO:root:2023-11-26 09:51:06 - ['soy milk drink strawberry flavor', 'cheddar spread', 'white cheese']
INFO:root:2023-11-26 09:51:06 - cheddar spread, white cheese
INFO:root:2023-11-26 09:51:06 - *****************************************
INFO:root:2023-11-26 09:51:06 - *****************************************
INFO:root:2023-11-26 09:51:06 - isSorting: False
INFO:root:2023-11-26 09:51:06 - SORTING NOT PERFORMED.... :( :( :(
INFO:root:2023-11-26 09:51:06 - *****************************************
INFO:root:2023-11-26 09:51:19 - Accepted connection from
INFO:root:2023-11-26 09:51:19 - ('127.0.0.1', 59092)
INFO:root:2023-11-26 09:51:19 - Thread 13932: Handling client connection.
INFO:root:2023-11-26 09:51:19 - Performing sorting with list:
INFO:root:2023-11-26 09:51:19 - end^white cheese
INFO:root:2023-11-26 09:51:19 - #################NOT SORTING######################
INFO:root:2023-11-26 09:51:19 - ['white cheese']
INFO:root:2023-11-26 09:51:19 - white cheese
INFO:root:2023-11-26 09:51:19 - ################################################
INFO:root:2023-11-26 09:51:19 - white cheese
INFO:root:2023-11-26 09:51:19 - *****************************************
INFO:root:2023-11-26 09:51:19 - *****************************************
INFO:root:2023-11-26 09:51:19 - isSorting: False
INFO:root:2023-11-26 09:51:19 - SORTING NOT PERFORMED.... :( :( :(
INFO:root:2023-11-26 09:51:19 - *****************************************
INFO:root:2023-11-26 09:51:34 - Accepted connection from
INFO:root:2023-11-26 09:51:34 - ('127.0.0.1', 59095)
INFO:root:2023-11-26 09:51:34 - Thread 13932: Handling client connection.
INFO:root:2023-11-26 09:51:34 - Performing sorting with list:
INFO:root:2023-11-26 09:51:34 - start^3/blueberries,caramel latte mix,breakfast cereal,whole grain oats,tacchino,hazelnut with cocoa spread
INFO:root:2023-11-26 09:51:34 - Costumer Count: 3
INFO:root:2023-11-26 09:51:34 - #################NOT SORTING######################
INFO:root:2023-11-26 09:51:34 - ['blueberries', 'caramel latte mix', 'breakfast cereal', 'whole grain oats', 'tacchino', 'hazelnut with cocoa spread']
INFO:root:2023-11-26 09:51:34 - blueberries, caramel latte mix, breakfast cereal, whole grain oats, tacchino, hazelnut with cocoa spread
INFO:root:2023-11-26 09:51:34 - ################################################
INFO:root:2023-11-26 09:51:34 - ['blueberries', 'caramel latte mix', 'breakfast cereal', 'whole grain oats', 'tacchino', 'hazelnut with cocoa spread']
INFO:root:2023-11-26 09:51:34 - Values appended to C:/Users/Jake/Desktop/LASTTTTTTTTTTTTTT/SimulationBuild/GroceryStoreSimulator_Data\Server Data Files\Sort_Time\sortTime_20231126_094909.csv successfully.
INFO:root:2023-11-26 09:51:34 - Customer Number: 3 Sort time: 97700 nanoseconds
INFO:root:2023-11-26 09:51:34 - blueberries, caramel latte mix, breakfast cereal, whole grain oats, tacchino, hazelnut with cocoa spread
INFO:root:2023-11-26 09:51:34 - *****************************************
INFO:root:2023-11-26 09:51:34 - *****************************************
INFO:root:2023-11-26 09:51:34 - isSorting: False
INFO:root:2023-11-26 09:51:34 - SORTING NOT PERFORMED.... :( :( :(
INFO:root:2023-11-26 09:51:34 - *****************************************
INFO:root:2023-11-26 09:51:47 - Accepted connection from
INFO:root:2023-11-26 09:51:47 - ('127.0.0.1', 59100)
INFO:root:2023-11-26 09:51:47 - Thread 13932: Handling client connection.
INFO:root:2023-11-26 09:51:47 - Performing sorting with list:
INFO:root:2023-11-26 09:51:47 - mid^caramel latte mix/blueberries,breakfast cereal,whole grain oats,tacchino,hazelnut with cocoa spread
INFO:root:2023-11-26 09:51:47 - #################NOT SORTING######################
INFO:root:2023-11-26 09:51:47 - ['caramel latte mix', 'blueberries', 'breakfast cereal', 'whole grain oats', 'tacchino', 'hazelnut with cocoa spread']
INFO:root:2023-11-26 09:51:47 - blueberries, breakfast cereal, whole grain oats, tacchino, hazelnut with cocoa spread
INFO:root:2023-11-26 09:51:47 - ################################################
INFO:root:2023-11-26 09:51:47 - ['caramel latte mix', 'blueberries', 'breakfast cereal', 'whole grain oats', 'tacchino', 'hazelnut with cocoa spread']
INFO:root:2023-11-26 09:51:47 - blueberries, breakfast cereal, whole grain oats, tacchino, hazelnut with cocoa spread
INFO:root:2023-11-26 09:51:47 - *****************************************
INFO:root:2023-11-26 09:51:47 - *****************************************
INFO:root:2023-11-26 09:51:47 - isSorting: False
INFO:root:2023-11-26 09:51:47 - SORTING NOT PERFORMED.... :( :( :(
INFO:root:2023-11-26 09:51:47 - *****************************************
INFO:root:2023-11-26 09:51:59 - Accepted connection from
INFO:root:2023-11-26 09:51:59 - ('127.0.0.1', 59102)
INFO:root:2023-11-26 09:51:59 - Thread 13932: Handling client connection.
INFO:root:2023-11-26 09:51:59 - Performing sorting with list:
INFO:root:2023-11-26 09:51:59 - mid^breakfast cereal/blueberries,whole grain oats,tacchino,hazelnut with cocoa spread
INFO:root:2023-11-26 09:51:59 - #################NOT SORTING######################
INFO:root:2023-11-26 09:51:59 - ['breakfast cereal', 'blueberries', 'whole grain oats', 'tacchino', 'hazelnut with cocoa spread']
INFO:root:2023-11-26 09:51:59 - blueberries, whole grain oats, tacchino, hazelnut with cocoa spread
INFO:root:2023-11-26 09:51:59 - ################################################
INFO:root:2023-11-26 09:51:59 - ['breakfast cereal', 'blueberries', 'whole grain oats', 'tacchino', 'hazelnut with cocoa spread']
INFO:root:2023-11-26 09:51:59 - blueberries, whole grain oats, tacchino, hazelnut with cocoa spread
INFO:root:2023-11-26 09:51:59 - *****************************************
INFO:root:2023-11-26 09:51:59 - *****************************************
INFO:root:2023-11-26 09:51:59 - isSorting: False
INFO:root:2023-11-26 09:51:59 - SORTING NOT PERFORMED.... :( :( :(
INFO:root:2023-11-26 09:51:59 - *****************************************
INFO:root:2023-11-26 09:52:12 - Accepted connection from
INFO:root:2023-11-26 09:52:12 - ('127.0.0.1', 59104)
INFO:root:2023-11-26 09:52:12 - Thread 13932: Handling client connection.
INFO:root:2023-11-26 09:52:12 - Performing sorting with list:
INFO:root:2023-11-26 09:52:12 - mid^whole grain oats/blueberries,tacchino,hazelnut with cocoa spread
INFO:root:2023-11-26 09:52:12 - #################NOT SORTING######################
INFO:root:2023-11-26 09:52:12 - ['whole grain oats', 'blueberries', 'tacchino', 'hazelnut with cocoa spread']
INFO:root:2023-11-26 09:52:12 - blueberries, tacchino, hazelnut with cocoa spread
INFO:root:2023-11-26 09:52:12 - ################################################
INFO:root:2023-11-26 09:52:12 - ['whole grain oats', 'blueberries', 'tacchino', 'hazelnut with cocoa spread']
INFO:root:2023-11-26 09:52:12 - blueberries, tacchino, hazelnut with cocoa spread
INFO:root:2023-11-26 09:52:12 - *****************************************
INFO:root:2023-11-26 09:52:12 - *****************************************
INFO:root:2023-11-26 09:52:12 - isSorting: False
INFO:root:2023-11-26 09:52:12 - SORTING NOT PERFORMED.... :( :( :(
INFO:root:2023-11-26 09:52:12 - *****************************************
INFO:root:2023-11-26 09:52:24 - Accepted connection from
INFO:root:2023-11-26 09:52:24 - ('127.0.0.1', 59110)
INFO:root:2023-11-26 09:52:24 - Thread 13932: Handling client connection.
INFO:root:2023-11-26 09:52:24 - Performing sorting with list:
INFO:root:2023-11-26 09:52:24 - mid^hazelnut with cocoa spread/blueberries,tacchino
INFO:root:2023-11-26 09:52:24 - #################NOT SORTING######################
INFO:root:2023-11-26 09:52:24 - ['hazelnut with cocoa spread', 'blueberries', 'tacchino']
INFO:root:2023-11-26 09:52:24 - blueberries, tacchino
INFO:root:2023-11-26 09:52:24 - ################################################
INFO:root:2023-11-26 09:52:24 - ['hazelnut with cocoa spread', 'blueberries', 'tacchino']
INFO:root:2023-11-26 09:52:24 - blueberries, tacchino
INFO:root:2023-11-26 09:52:24 - *****************************************
INFO:root:2023-11-26 09:52:24 - *****************************************
INFO:root:2023-11-26 09:52:24 - isSorting: False
INFO:root:2023-11-26 09:52:24 - SORTING NOT PERFORMED.... :( :( :(
INFO:root:2023-11-26 09:52:24 - *****************************************
INFO:root:2023-11-26 09:52:38 - Accepted connection from
INFO:root:2023-11-26 09:52:38 - ('127.0.0.1', 59113)
INFO:root:2023-11-26 09:52:38 - Thread 13932: Handling client connection.
INFO:root:2023-11-26 09:52:38 - Performing sorting with list:
INFO:root:2023-11-26 09:52:38 - end^tacchino
INFO:root:2023-11-26 09:52:38 - #################NOT SORTING######################
INFO:root:2023-11-26 09:52:38 - ['tacchino']
INFO:root:2023-11-26 09:52:38 - tacchino
INFO:root:2023-11-26 09:52:38 - ################################################
INFO:root:2023-11-26 09:52:38 - tacchino
INFO:root:2023-11-26 09:52:38 - *****************************************
INFO:root:2023-11-26 09:52:38 - *****************************************
INFO:root:2023-11-26 09:52:38 - isSorting: False
INFO:root:2023-11-26 09:52:38 - SORTING NOT PERFORMED.... :( :( :(
INFO:root:2023-11-26 09:52:38 - *****************************************
INFO:root:2023-11-26 09:52:52 - Accepted connection from
INFO:root:2023-11-26 09:52:52 - ('127.0.0.1', 59119)
INFO:root:2023-11-26 09:52:52 - Thread 13932: Handling client connection.
INFO:root:2023-11-26 09:52:52 - Performing sorting with list:
INFO:root:2023-11-26 09:52:52 - start^4/frozen bangus,seaweed,bell pepper,vanilla cake bar,rice stick
INFO:root:2023-11-26 09:52:52 - Costumer Count: 4
INFO:root:2023-11-26 09:52:52 - #################NOT SORTING######################
INFO:root:2023-11-26 09:52:52 - ['frozen bangus', 'seaweed', 'bell pepper', 'vanilla cake bar', 'rice stick']
INFO:root:2023-11-26 09:52:52 - frozen bangus, seaweed, bell pepper, vanilla cake bar, rice stick
INFO:root:2023-11-26 09:52:52 - ################################################
INFO:root:2023-11-26 09:52:52 - ['frozen bangus', 'seaweed', 'bell pepper', 'vanilla cake bar', 'rice stick']
INFO:root:2023-11-26 09:52:52 - Values appended to C:/Users/Jake/Desktop/LASTTTTTTTTTTTTTT/SimulationBuild/GroceryStoreSimulator_Data\Server Data Files\Sort_Time\sortTime_20231126_094909.csv successfully.
INFO:root:2023-11-26 09:52:52 - Customer Number: 4 Sort time: 42300 nanoseconds
INFO:root:2023-11-26 09:52:52 - frozen bangus, seaweed, bell pepper, vanilla cake bar, rice stick
INFO:root:2023-11-26 09:52:52 - *****************************************
INFO:root:2023-11-26 09:52:52 - *****************************************
INFO:root:2023-11-26 09:52:52 - isSorting: False
INFO:root:2023-11-26 09:52:52 - SORTING NOT PERFORMED.... :( :( :(
INFO:root:2023-11-26 09:52:52 - *****************************************
INFO:root:2023-11-26 09:53:06 - Accepted connection from
INFO:root:2023-11-26 09:53:06 - ('127.0.0.1', 59121)
INFO:root:2023-11-26 09:53:06 - Thread 13932: Handling client connection.
INFO:root:2023-11-26 09:53:06 - Performing sorting with list:
INFO:root:2023-11-26 09:53:06 - mid^vanilla cake bar/frozen bangus,seaweed,bell pepper,rice stick
INFO:root:2023-11-26 09:53:06 - #################NOT SORTING######################
INFO:root:2023-11-26 09:53:06 - ['vanilla cake bar', 'frozen bangus', 'seaweed', 'bell pepper', 'rice stick']
INFO:root:2023-11-26 09:53:06 - frozen bangus, seaweed, bell pepper, rice stick
INFO:root:2023-11-26 09:53:06 - ################################################
INFO:root:2023-11-26 09:53:06 - ['vanilla cake bar', 'frozen bangus', 'seaweed', 'bell pepper', 'rice stick']
INFO:root:2023-11-26 09:53:06 - frozen bangus, seaweed, bell pepper, rice stick
INFO:root:2023-11-26 09:53:06 - *****************************************
INFO:root:2023-11-26 09:53:06 - *****************************************
INFO:root:2023-11-26 09:53:06 - isSorting: False
INFO:root:2023-11-26 09:53:06 - SORTING NOT PERFORMED.... :( :( :(
INFO:root:2023-11-26 09:53:06 - *****************************************
INFO:root:2023-11-26 09:53:18 - Accepted connection from
INFO:root:2023-11-26 09:53:18 - ('127.0.0.1', 59123)
INFO:root:2023-11-26 09:53:18 - Thread 13932: Handling client connection.
INFO:root:2023-11-26 09:53:18 - Performing sorting with list:
INFO:root:2023-11-26 09:53:18 - mid^seaweed/frozen bangus,bell pepper,rice stick
INFO:root:2023-11-26 09:53:18 - #################NOT SORTING######################
INFO:root:2023-11-26 09:53:18 - ['seaweed', 'frozen bangus', 'bell pepper', 'rice stick']
INFO:root:2023-11-26 09:53:18 - frozen bangus, bell pepper, rice stick
INFO:root:2023-11-26 09:53:18 - ################################################
INFO:root:2023-11-26 09:53:18 - ['seaweed', 'frozen bangus', 'bell pepper', 'rice stick']
INFO:root:2023-11-26 09:53:18 - frozen bangus, bell pepper, rice stick
INFO:root:2023-11-26 09:53:18 - *****************************************
INFO:root:2023-11-26 09:53:18 - *****************************************
INFO:root:2023-11-26 09:53:18 - isSorting: False
INFO:root:2023-11-26 09:53:18 - SORTING NOT PERFORMED.... :( :( :(
INFO:root:2023-11-26 09:53:18 - *****************************************
