INFO:root:2023-11-25 20:40:09 - Logs, logs, logs!
INFO:matplotlib.font_manager:generated new fontManager
INFO:root:2023-11-25 20:40:11 - Server is listening on
INFO:root:2023-11-25 20:40:11 - ('localhost', 8080)
INFO:root:2023-11-25 20:40:33 - Accepted connection from
INFO:root:2023-11-25 20:40:33 - ('127.0.0.1', 52618)
INFO:root:2023-11-25 20:40:33 - Thread 17008: Handling client connection.
INFO:root:2023-11-25 20:40:35 - Accepted connection from
INFO:root:2023-11-25 20:40:35 - ('127.0.0.1', 52620)
INFO:root:2023-11-25 20:40:35 - Thread 17008: Handling client connection.
INFO:root:2023-11-25 20:40:35 - Performing cluster with directory:
INFO:root:2023-11-25 20:40:35 - C:/Users/RetroGeek/Documents/UnityLibrary/GroceryStoreSimulator/Assets
INFO:root:2023-11-25 20:40:35 - Compiling CSV
INFO:root:2023-11-25 20:40:35 - Accessing files in folder: C:/Users/RetroGeek/Documents/UnityLibrary/GroceryStoreSimulator/Assets\CSVRecordings
INFO:root:2023-11-25 20:40:35 - Done compiling CSV
INFO:root:2023-11-25 20:40:35 - --- 0.023521900177001953 seconds ---    || AFTER CSV READ
INFO:root:2023-11-25 20:40:35 - --- 0.027439117431640625 seconds ---    || AFTER SORTING
INFO:root:2023-11-25 20:40:35 - --- 0.02852344512939453 seconds ---    || AFTER INIT TIMEGAP
INFO:root:2023-11-25 20:40:35 - --- 0.03013324737548828 seconds ---    || AFTER ADD TIMEGAP
INFO:root:2023-11-25 20:40:35 - --- 0.03013324737548828 seconds ---    || AFTER TIMEGAP DICT
INFO:root:2023-11-25 20:40:35 - Accessing file in folder: C:/Users/RetroGeek/Documents/UnityLibrary/GroceryStoreSimulator/Assets\clusteredCSV
INFO:root:2023-11-25 20:40:35 - --- 0.03563666343688965 seconds ---    || DONE...
INFO:root:2023-11-25 20:40:35 - Clusters file stored at: C:/Users/RetroGeek/Documents/UnityLibrary/GroceryStoreSimulator/Assets\Server Data Files\Clusters_and_Timegaps\clusters_20231125204035.json
INFO:root:2023-11-25 20:40:35 - Timegaps file stored at: C:/Users/RetroGeek/Documents/UnityLibrary/GroceryStoreSimulator/Assets\Server Data Files\Clusters_and_Timegaps\timegaps_20231125204035.json
INFO:root:2023-11-25 20:40:35 - Total Items: 18
INFO:root:2023-11-25 20:40:35 - Total Pairs: 153
INFO:root:2023-11-25 20:40:35 - Total Shoppers: 3
INFO:root:2023-11-25 20:40:35 - Total Clusters: 11
INFO:root:2023-11-25 20:40:35 - Clustering Done..
INFO:root:2023-11-25 20:40:35 - *****************************************
INFO:root:2023-11-25 20:40:35 - *****************************************
INFO:root:2023-11-25 20:40:37 - Accepted connection from
INFO:root:2023-11-25 20:40:37 - ('127.0.0.1', 52626)
INFO:root:2023-11-25 20:40:37 - Thread 17008: Handling client connection.
INFO:root:2023-11-25 20:40:37 - Performing sorting with list:
INFO:root:2023-11-25 20:40:37 - start^1/cheddar spread,soy milk drink strawberry flavor,rice stick,cocoa powder,white cheese
INFO:root:2023-11-25 20:40:37 - Costumer Count: 1
INFO:root:2023-11-25 20:40:37 - ['cheddar spread', 'soy milk drink strawberry flavor', 'rice stick', 'cocoa powder', 'white cheese']
INFO:root:2023-11-25 20:40:37 - Values appended to C:/Users/RetroGeek/Documents/UnityLibrary/GroceryStoreSimulator/Assets\Server Data Files\Sort_Time\sortTime_20231125_204037.csv successfully.
INFO:root:2023-11-25 20:40:37 - Customer Number: 1 Sort time: 70200 nanoseconds
INFO:root:2023-11-25 20:40:37 - soy milk drink strawberry flavor, soy milk drink strawberry flavor, rice stick, cocoa powder, white cheese
INFO:root:2023-11-25 20:40:37 - *****************************************
INFO:root:2023-11-25 20:40:37 - *****************************************
INFO:root:2023-11-25 20:40:37 - isSorting: True
INFO:root:2023-11-25 20:40:37 - SORTING PERFORMED....
INFO:root:2023-11-25 20:40:37 - *****************************************
INFO:root:2023-11-25 20:40:55 - Accepted connection from
INFO:root:2023-11-25 20:40:55 - ('127.0.0.1', 52638)
INFO:root:2023-11-25 20:40:55 - Thread 17008: Handling client connection.
INFO:root:2023-11-25 20:40:55 - Performing sorting with list:
INFO:root:2023-11-25 20:40:55 - mid^soy milk drink strawberry flavor/soy milk drink strawberry flavor,rice stick,cocoa powder,white cheese
INFO:root:2023-11-25 20:40:55 - ['soy milk drink strawberry flavor', 'soy milk drink strawberry flavor', 'rice stick', 'cocoa powder', 'white cheese']
INFO:root:2023-11-25 20:40:55 - soy milk drink strawberry flavor, rice stick, cocoa powder, white cheese
INFO:root:2023-11-25 20:40:55 - *****************************************
INFO:root:2023-11-25 20:40:55 - *****************************************
INFO:root:2023-11-25 20:40:55 - isSorting: True
INFO:root:2023-11-25 20:40:55 - SORTING PERFORMED....
INFO:root:2023-11-25 20:40:55 - *****************************************
INFO:root:2023-11-25 20:41:07 - Accepted connection from
INFO:root:2023-11-25 20:41:07 - ('127.0.0.1', 52649)
INFO:root:2023-11-25 20:41:07 - Thread 17008: Handling client connection.
INFO:root:2023-11-25 20:41:07 - Performing sorting with list:
INFO:root:2023-11-25 20:41:07 - mid^soy milk drink strawberry flavor/rice stick,cocoa powder,white cheese
INFO:root:2023-11-25 20:41:07 - ['soy milk drink strawberry flavor', 'rice stick', 'cocoa powder', 'white cheese']
INFO:root:2023-11-25 20:41:07 - rice stick, cocoa powder, white cheese
INFO:root:2023-11-25 20:41:07 - *****************************************
INFO:root:2023-11-25 20:41:07 - *****************************************
INFO:root:2023-11-25 20:41:07 - isSorting: True
INFO:root:2023-11-25 20:41:07 - SORTING PERFORMED....
INFO:root:2023-11-25 20:41:07 - *****************************************
INFO:root:2023-11-25 20:41:20 - Accepted connection from
INFO:root:2023-11-25 20:41:20 - ('127.0.0.1', 52656)
INFO:root:2023-11-25 20:41:20 - Thread 17008: Handling client connection.
INFO:root:2023-11-25 20:41:20 - Performing sorting with list:
INFO:root:2023-11-25 20:41:20 - mid^rice stick/cocoa powder,white cheese
INFO:root:2023-11-25 20:41:20 - ['rice stick', 'cocoa powder', 'white cheese']
INFO:root:2023-11-25 20:41:20 - cocoa powder, white cheese
INFO:root:2023-11-25 20:41:20 - *****************************************
INFO:root:2023-11-25 20:41:20 - *****************************************
INFO:root:2023-11-25 20:41:20 - isSorting: True
INFO:root:2023-11-25 20:41:20 - SORTING PERFORMED....
INFO:root:2023-11-25 20:41:20 - *****************************************
INFO:root:2023-11-25 20:41:33 - Accepted connection from
INFO:root:2023-11-25 20:41:33 - ('127.0.0.1', 52666)
INFO:root:2023-11-25 20:41:33 - Thread 17008: Handling client connection.
INFO:root:2023-11-25 20:41:33 - Performing sorting with list:
INFO:root:2023-11-25 20:41:33 - end^white cheese
INFO:root:2023-11-25 20:41:33 - white cheese
INFO:root:2023-11-25 20:41:33 - *****************************************
INFO:root:2023-11-25 20:41:33 - *****************************************
INFO:root:2023-11-25 20:41:33 - isSorting: True
INFO:root:2023-11-25 20:41:33 - SORTING PERFORMED....
INFO:root:2023-11-25 20:41:33 - *****************************************
INFO:root:2023-11-25 20:41:47 - Accepted connection from
INFO:root:2023-11-25 20:41:47 - ('127.0.0.1', 52680)
INFO:root:2023-11-25 20:41:47 - Thread 17008: Handling client connection.
INFO:root:2023-11-25 20:41:47 - Performing sorting with list:
INFO:root:2023-11-25 20:41:47 - start^2/vanilla cake bar,bell pepper,frozen bangus,rice stick,seaweed
INFO:root:2023-11-25 20:41:47 - Costumer Count: 2
INFO:root:2023-11-25 20:41:47 - ['vanilla cake bar', 'bell pepper', 'frozen bangus', 'rice stick', 'seaweed']
INFO:root:2023-11-25 20:41:47 - Values appended to C:/Users/RetroGeek/Documents/UnityLibrary/GroceryStoreSimulator/Assets\Server Data Files\Sort_Time\sortTime_20231125_204037.csv successfully.
INFO:root:2023-11-25 20:41:47 - Customer Number: 2 Sort time: 88800 nanoseconds
INFO:root:2023-11-25 20:41:47 - bell pepper, bell pepper, frozen bangus, rice stick, seaweed
INFO:root:2023-11-25 20:41:47 - *****************************************
INFO:root:2023-11-25 20:41:47 - *****************************************
INFO:root:2023-11-25 20:41:47 - isSorting: True
INFO:root:2023-11-25 20:41:47 - SORTING PERFORMED....
INFO:root:2023-11-25 20:41:47 - *****************************************
INFO:root:2023-11-25 20:42:00 - Accepted connection from
INFO:root:2023-11-25 20:42:00 - ('127.0.0.1', 52694)
INFO:root:2023-11-25 20:42:00 - Thread 17008: Handling client connection.
INFO:root:2023-11-25 20:42:00 - Performing sorting with list:
INFO:root:2023-11-25 20:42:00 - mid^bell pepper/bell pepper,frozen bangus,rice stick,seaweed
INFO:root:2023-11-25 20:42:00 - ['bell pepper', 'bell pepper', 'frozen bangus', 'rice stick', 'seaweed']
INFO:root:2023-11-25 20:42:00 - bell pepper, frozen bangus, rice stick, seaweed
INFO:root:2023-11-25 20:42:00 - *****************************************
INFO:root:2023-11-25 20:42:00 - *****************************************
INFO:root:2023-11-25 20:42:00 - isSorting: True
INFO:root:2023-11-25 20:42:00 - SORTING PERFORMED....
INFO:root:2023-11-25 20:42:00 - *****************************************
INFO:root:2023-11-25 20:42:12 - Accepted connection from
INFO:root:2023-11-25 20:42:12 - ('127.0.0.1', 52723)
INFO:root:2023-11-25 20:42:12 - Thread 17008: Handling client connection.
INFO:root:2023-11-25 20:42:12 - Performing sorting with list:
INFO:root:2023-11-25 20:42:12 - mid^bell pepper/frozen bangus,rice stick,seaweed
INFO:root:2023-11-25 20:42:12 - ['bell pepper', 'frozen bangus', 'rice stick', 'seaweed']
INFO:root:2023-11-25 20:42:12 - frozen bangus, rice stick, seaweed
INFO:root:2023-11-25 20:42:12 - *****************************************
INFO:root:2023-11-25 20:42:12 - *****************************************
INFO:root:2023-11-25 20:42:12 - isSorting: True
INFO:root:2023-11-25 20:42:12 - SORTING PERFORMED....
INFO:root:2023-11-25 20:42:12 - *****************************************
INFO:root:2023-11-25 20:42:25 - Accepted connection from
INFO:root:2023-11-25 20:42:25 - ('127.0.0.1', 52728)
INFO:root:2023-11-25 20:42:25 - Thread 17008: Handling client connection.
INFO:root:2023-11-25 20:42:25 - Performing sorting with list:
INFO:root:2023-11-25 20:42:25 - mid^frozen bangus/rice stick,seaweed
INFO:root:2023-11-25 20:42:25 - ['frozen bangus', 'rice stick', 'seaweed']
INFO:root:2023-11-25 20:42:25 - rice stick, seaweed
INFO:root:2023-11-25 20:42:25 - *****************************************
INFO:root:2023-11-25 20:42:25 - *****************************************
INFO:root:2023-11-25 20:42:25 - isSorting: True
INFO:root:2023-11-25 20:42:25 - SORTING PERFORMED....
INFO:root:2023-11-25 20:42:25 - *****************************************
INFO:root:2023-11-25 20:42:38 - Accepted connection from
INFO:root:2023-11-25 20:42:38 - ('127.0.0.1', 52739)
INFO:root:2023-11-25 20:42:38 - Thread 17008: Handling client connection.
INFO:root:2023-11-25 20:42:38 - Performing sorting with list:
INFO:root:2023-11-25 20:42:38 - end^seaweed
INFO:root:2023-11-25 20:42:38 - seaweed
INFO:root:2023-11-25 20:42:38 - *****************************************
INFO:root:2023-11-25 20:42:38 - *****************************************
INFO:root:2023-11-25 20:42:38 - isSorting: True
INFO:root:2023-11-25 20:42:38 - SORTING PERFORMED....
INFO:root:2023-11-25 20:42:38 - *****************************************
